<?xml version="1.0" encoding="UTF-8"?>
<testsuite xmlns:xsi="http://www.w3.org/2001/XMLSchema-instance" xsi:noNamespaceSchemaLocation="https://maven.apache.org/surefire/maven-surefire-plugin/xsd/surefire-test-report.xsd" name="pl.kz.championshipsfootballapp.ChampionshipsFootballAppApplicationTests" time="12.6" tests="1" errors="0" skipped="0" failures="0">
  <properties>
    <property name="sun.desktop" value="windows"/>
    <property name="awt.toolkit" value="sun.awt.windows.WToolkit"/>
    <property name="file.encoding.pkg" value="sun.io"/>
    <property name="java.specification.version" value="1.8"/>
    <property name="sun.cpu.isalist" value="amd64"/>
    <property name="sun.jnu.encoding" value="Cp1250"/>
    <property name="java.class.path" value="D:\PROGRAMOWANIE\------NAUKA------\PROJEKT_MISTRZOSTWA_SWIATA\WARSTWA_APLIKACJI\REPOZYTORIUM_KODU\championships-football-app\target\test-classes;D:\PROGRAMOWANIE\------NAUKA------\PROJEKT_MISTRZOSTWA_SWIATA\WARSTWA_APLIKACJI\REPOZYTORIUM_KODU\championships-football-app\target\classes;d:\PROGRAMOWANIE\LOCAL_REPOZYTORY\MAVEN\org\springframework\boot\spring-boot-starter-actuator\2.0.3.RELEASE\spring-boot-starter-actuator-2.0.3.RELEASE.jar;d:\PROGRAMOWANIE\LOCAL_REPOZYTORY\MAVEN\org\springframework\boot\spring-boot-starter\2.0.3.RELEASE\spring-boot-starter-2.0.3.RELEASE.jar;d:\PROGRAMOWANIE\LOCAL_REPOZYTORY\MAVEN\org\springframework\boot\spring-boot-starter-logging\2.0.3.RELEASE\spring-boot-starter-logging-2.0.3.RELEASE.jar;d:\PROGRAMOWANIE\LOCAL_REPOZYTORY\MAVEN\ch\qos\logback\logback-classic\1.2.3\logback-classic-1.2.3.jar;d:\PROGRAMOWANIE\LOCAL_REPOZYTORY\MAVEN\ch\qos\logback\logback-core\1.2.3\logback-core-1.2.3.jar;d:\PROGRAMOWANIE\LOCAL_REPOZYTORY\MAVEN\org\apache\logging\log4j\log4j-to-slf4j\2.10.0\log4j-to-slf4j-2.10.0.jar;d:\PROGRAMOWANIE\LOCAL_REPOZYTORY\MAVEN\org\apache\logging\log4j\log4j-api\2.10.0\log4j-api-2.10.0.jar;d:\PROGRAMOWANIE\LOCAL_REPOZYTORY\MAVEN\org\slf4j\jul-to-slf4j\1.7.25\jul-to-slf4j-1.7.25.jar;d:\PROGRAMOWANIE\LOCAL_REPOZYTORY\MAVEN\javax\annotation\javax.annotation-api\1.3.2\javax.annotation-api-1.3.2.jar;d:\PROGRAMOWANIE\LOCAL_REPOZYTORY\MAVEN\org\yaml\snakeyaml\1.19\snakeyaml-1.19.jar;d:\PROGRAMOWANIE\LOCAL_REPOZYTORY\MAVEN\org\springframework\boot\spring-boot-actuator-autoconfigure\2.0.3.RELEASE\spring-boot-actuator-autoconfigure-2.0.3.RELEASE.jar;d:\PROGRAMOWANIE\LOCAL_REPOZYTORY\MAVEN\org\springframework\boot\spring-boot-actuator\2.0.3.RELEASE\spring-boot-actuator-2.0.3.RELEASE.jar;d:\PROGRAMOWANIE\LOCAL_REPOZYTORY\MAVEN\com\fasterxml\jackson\core\jackson-databind\2.9.6\jackson-databind-2.9.6.jar;d:\PROGRAMOWANIE\LOCAL_REPOZYTORY\MAVEN\com\fasterxml\jackson\core\jackson-core\2.9.6\jackson-core-2.9.6.jar;d:\PROGRAMOWANIE\LOCAL_REPOZYTORY\MAVEN\com\fasterxml\jackson\datatype\jackson-datatype-jsr310\2.9.6\jackson-datatype-jsr310-2.9.6.jar;d:\PROGRAMOWANIE\LOCAL_REPOZYTORY\MAVEN\io\micrometer\micrometer-core\1.0.5\micrometer-core-1.0.5.jar;d:\PROGRAMOWANIE\LOCAL_REPOZYTORY\MAVEN\org\hdrhistogram\HdrHistogram\2.1.10\HdrHistogram-2.1.10.jar;d:\PROGRAMOWANIE\LOCAL_REPOZYTORY\MAVEN\org\latencyutils\LatencyUtils\2.0.3\LatencyUtils-2.0.3.jar;d:\PROGRAMOWANIE\LOCAL_REPOZYTORY\MAVEN\org\springframework\boot\spring-boot-starter-data-jpa\2.0.3.RELEASE\spring-boot-starter-data-jpa-2.0.3.RELEASE.jar;d:\PROGRAMOWANIE\LOCAL_REPOZYTORY\MAVEN\org\springframework\boot\spring-boot-starter-aop\2.0.3.RELEASE\spring-boot-starter-aop-2.0.3.RELEASE.jar;d:\PROGRAMOWANIE\LOCAL_REPOZYTORY\MAVEN\org\aspectj\aspectjweaver\1.8.13\aspectjweaver-1.8.13.jar;d:\PROGRAMOWANIE\LOCAL_REPOZYTORY\MAVEN\org\springframework\boot\spring-boot-starter-jdbc\2.0.3.RELEASE\spring-boot-starter-jdbc-2.0.3.RELEASE.jar;d:\PROGRAMOWANIE\LOCAL_REPOZYTORY\MAVEN\com\zaxxer\HikariCP\2.7.9\HikariCP-2.7.9.jar;d:\PROGRAMOWANIE\LOCAL_REPOZYTORY\MAVEN\org\springframework\spring-jdbc\5.0.7.RELEASE\spring-jdbc-5.0.7.RELEASE.jar;d:\PROGRAMOWANIE\LOCAL_REPOZYTORY\MAVEN\org\hibernate\hibernate-core\5.2.17.Final\hibernate-core-5.2.17.Final.jar;d:\PROGRAMOWANIE\LOCAL_REPOZYTORY\MAVEN\org\jboss\logging\jboss-logging\3.3.2.Final\jboss-logging-3.3.2.Final.jar;d:\PROGRAMOWANIE\LOCAL_REPOZYTORY\MAVEN\org\hibernate\javax\persistence\hibernate-jpa-2.1-api\1.0.2.Final\hibernate-jpa-2.1-api-1.0.2.Final.jar;d:\PROGRAMOWANIE\LOCAL_REPOZYTORY\MAVEN\org\javassist\javassist\3.22.0-GA\javassist-3.22.0-GA.jar;d:\PROGRAMOWANIE\LOCAL_REPOZYTORY\MAVEN\antlr\antlr\2.7.7\antlr-2.7.7.jar;d:\PROGRAMOWANIE\LOCAL_REPOZYTORY\MAVEN\org\jboss\jandex\2.0.3.Final\jandex-2.0.3.Final.jar;d:\PROGRAMOWANIE\LOCAL_REPOZYTORY\MAVEN\com\fasterxml\classmate\1.3.4\classmate-1.3.4.jar;d:\PROGRAMOWANIE\LOCAL_REPOZYTORY\MAVEN\dom4j\dom4j\1.6.1\dom4j-1.6.1.jar;d:\PROGRAMOWANIE\LOCAL_REPOZYTORY\MAVEN\org\hibernate\common\hibernate-commons-annotations\5.0.1.Final\hibernate-commons-annotations-5.0.1.Final.jar;d:\PROGRAMOWANIE\LOCAL_REPOZYTORY\MAVEN\javax\transaction\javax.transaction-api\1.2\javax.transaction-api-1.2.jar;d:\PROGRAMOWANIE\LOCAL_REPOZYTORY\MAVEN\org\springframework\data\spring-data-jpa\2.0.8.RELEASE\spring-data-jpa-2.0.8.RELEASE.jar;d:\PROGRAMOWANIE\LOCAL_REPOZYTORY\MAVEN\org\springframework\data\spring-data-commons\2.0.8.RELEASE\spring-data-commons-2.0.8.RELEASE.jar;d:\PROGRAMOWANIE\LOCAL_REPOZYTORY\MAVEN\org\springframework\spring-orm\5.0.7.RELEASE\spring-orm-5.0.7.RELEASE.jar;d:\PROGRAMOWANIE\LOCAL_REPOZYTORY\MAVEN\org\springframework\spring-tx\5.0.7.RELEASE\spring-tx-5.0.7.RELEASE.jar;d:\PROGRAMOWANIE\LOCAL_REPOZYTORY\MAVEN\org\springframework\spring-beans\5.0.7.RELEASE\spring-beans-5.0.7.RELEASE.jar;d:\PROGRAMOWANIE\LOCAL_REPOZYTORY\MAVEN\org\springframework\spring-aspects\5.0.7.RELEASE\spring-aspects-5.0.7.RELEASE.jar;d:\PROGRAMOWANIE\LOCAL_REPOZYTORY\MAVEN\org\springframework\boot\spring-boot-starter-data-rest\2.0.3.RELEASE\spring-boot-starter-data-rest-2.0.3.RELEASE.jar;d:\PROGRAMOWANIE\LOCAL_REPOZYTORY\MAVEN\org\springframework\boot\spring-boot-starter-json\2.0.3.RELEASE\spring-boot-starter-json-2.0.3.RELEASE.jar;d:\PROGRAMOWANIE\LOCAL_REPOZYTORY\MAVEN\com\fasterxml\jackson\datatype\jackson-datatype-jdk8\2.9.6\jackson-datatype-jdk8-2.9.6.jar;d:\PROGRAMOWANIE\LOCAL_REPOZYTORY\MAVEN\com\fasterxml\jackson\module\jackson-module-parameter-names\2.9.6\jackson-module-parameter-names-2.9.6.jar;d:\PROGRAMOWANIE\LOCAL_REPOZYTORY\MAVEN\org\springframework\data\spring-data-rest-webmvc\3.0.8.RELEASE\spring-data-rest-webmvc-3.0.8.RELEASE.jar;d:\PROGRAMOWANIE\LOCAL_REPOZYTORY\MAVEN\org\springframework\data\spring-data-rest-core\3.0.8.RELEASE\spring-data-rest-core-3.0.8.RELEASE.jar;d:\PROGRAMOWANIE\LOCAL_REPOZYTORY\MAVEN\org\springframework\hateoas\spring-hateoas\0.24.0.RELEASE\spring-hateoas-0.24.0.RELEASE.jar;d:\PROGRAMOWANIE\LOCAL_REPOZYTORY\MAVEN\org\springframework\plugin\spring-plugin-core\1.2.0.RELEASE\spring-plugin-core-1.2.0.RELEASE.jar;d:\PROGRAMOWANIE\LOCAL_REPOZYTORY\MAVEN\org\atteo\evo-inflector\1.2.2\evo-inflector-1.2.2.jar;d:\PROGRAMOWANIE\LOCAL_REPOZYTORY\MAVEN\com\fasterxml\jackson\core\jackson-annotations\2.9.0\jackson-annotations-2.9.0.jar;d:\PROGRAMOWANIE\LOCAL_REPOZYTORY\MAVEN\org\springframework\boot\spring-boot-starter-jersey\2.0.3.RELEASE\spring-boot-starter-jersey-2.0.3.RELEASE.jar;d:\PROGRAMOWANIE\LOCAL_REPOZYTORY\MAVEN\org\springframework\boot\spring-boot-starter-tomcat\2.0.3.RELEASE\spring-boot-starter-tomcat-2.0.3.RELEASE.jar;d:\PROGRAMOWANIE\LOCAL_REPOZYTORY\MAVEN\org\apache\tomcat\embed\tomcat-embed-core\8.5.31\tomcat-embed-core-8.5.31.jar;d:\PROGRAMOWANIE\LOCAL_REPOZYTORY\MAVEN\org\apache\tomcat\embed\tomcat-embed-el\8.5.31\tomcat-embed-el-8.5.31.jar;d:\PROGRAMOWANIE\LOCAL_REPOZYTORY\MAVEN\org\apache\tomcat\embed\tomcat-embed-websocket\8.5.31\tomcat-embed-websocket-8.5.31.jar;d:\PROGRAMOWANIE\LOCAL_REPOZYTORY\MAVEN\org\springframework\boot\spring-boot-starter-validation\2.0.3.RELEASE\spring-boot-starter-validation-2.0.3.RELEASE.jar;d:\PROGRAMOWANIE\LOCAL_REPOZYTORY\MAVEN\org\springframework\spring-web\5.0.7.RELEASE\spring-web-5.0.7.RELEASE.jar;d:\PROGRAMOWANIE\LOCAL_REPOZYTORY\MAVEN\org\glassfish\jersey\core\jersey-server\2.26\jersey-server-2.26.jar;d:\PROGRAMOWANIE\LOCAL_REPOZYTORY\MAVEN\org\glassfish\jersey\core\jersey-common\2.26\jersey-common-2.26.jar;d:\PROGRAMOWANIE\LOCAL_REPOZYTORY\MAVEN\org\glassfish\hk2\osgi-resource-locator\1.0.1\osgi-resource-locator-1.0.1.jar;d:\PROGRAMOWANIE\LOCAL_REPOZYTORY\MAVEN\org\glassfish\jersey\core\jersey-client\2.26\jersey-client-2.26.jar;d:\PROGRAMOWANIE\LOCAL_REPOZYTORY\MAVEN\javax\ws\rs\javax.ws.rs-api\2.1\javax.ws.rs-api-2.1.jar;d:\PROGRAMOWANIE\LOCAL_REPOZYTORY\MAVEN\org\glassfish\jersey\media\jersey-media-jaxb\2.26\jersey-media-jaxb-2.26.jar;d:\PROGRAMOWANIE\LOCAL_REPOZYTORY\MAVEN\javax\validation\validation-api\2.0.1.Final\validation-api-2.0.1.Final.jar;d:\PROGRAMOWANIE\LOCAL_REPOZYTORY\MAVEN\org\glassfish\jersey\containers\jersey-container-servlet-core\2.26\jersey-container-servlet-core-2.26.jar;d:\PROGRAMOWANIE\LOCAL_REPOZYTORY\MAVEN\org\glassfish\jersey\containers\jersey-container-servlet\2.26\jersey-container-servlet-2.26.jar;d:\PROGRAMOWANIE\LOCAL_REPOZYTORY\MAVEN\org\glassfish\jersey\ext\jersey-bean-validation\2.26\jersey-bean-validation-2.26.jar;d:\PROGRAMOWANIE\LOCAL_REPOZYTORY\MAVEN\org\glassfish\jersey\ext\jersey-spring4\2.26\jersey-spring4-2.26.jar;d:\PROGRAMOWANIE\LOCAL_REPOZYTORY\MAVEN\org\glassfish\jersey\inject\jersey-hk2\2.26\jersey-hk2-2.26.jar;d:\PROGRAMOWANIE\LOCAL_REPOZYTORY\MAVEN\org\glassfish\hk2\hk2-locator\2.5.0-b42\hk2-locator-2.5.0-b42.jar;d:\PROGRAMOWANIE\LOCAL_REPOZYTORY\MAVEN\org\glassfish\hk2\external\aopalliance-repackaged\2.5.0-b42\aopalliance-repackaged-2.5.0-b42.jar;d:\PROGRAMOWANIE\LOCAL_REPOZYTORY\MAVEN\org\glassfish\hk2\hk2\2.5.0-b42\hk2-2.5.0-b42.jar;d:\PROGRAMOWANIE\LOCAL_REPOZYTORY\MAVEN\org\glassfish\hk2\hk2-utils\2.5.0-b42\hk2-utils-2.5.0-b42.jar;d:\PROGRAMOWANIE\LOCAL_REPOZYTORY\MAVEN\javax\inject\javax.inject\1\javax.inject-1.jar;d:\PROGRAMOWANIE\LOCAL_REPOZYTORY\MAVEN\org\glassfish\hk2\hk2-api\2.5.0-b42\hk2-api-2.5.0-b42.jar;d:\PROGRAMOWANIE\LOCAL_REPOZYTORY\MAVEN\org\glassfish\hk2\config-types\2.5.0-b42\config-types-2.5.0-b42.jar;d:\PROGRAMOWANIE\LOCAL_REPOZYTORY\MAVEN\org\glassfish\hk2\hk2-core\2.5.0-b42\hk2-core-2.5.0-b42.jar;d:\PROGRAMOWANIE\LOCAL_REPOZYTORY\MAVEN\org\glassfish\hk2\hk2-config\2.5.0-b42\hk2-config-2.5.0-b42.jar;d:\PROGRAMOWANIE\LOCAL_REPOZYTORY\MAVEN\org\glassfish\hk2\hk2-runlevel\2.5.0-b42\hk2-runlevel-2.5.0-b42.jar;d:\PROGRAMOWANIE\LOCAL_REPOZYTORY\MAVEN\org\glassfish\hk2\class-model\2.5.0-b42\class-model-2.5.0-b42.jar;d:\PROGRAMOWANIE\LOCAL_REPOZYTORY\MAVEN\org\glassfish\hk2\external\asm-all-repackaged\2.5.0-b42\asm-all-repackaged-2.5.0-b42.jar;d:\PROGRAMOWANIE\LOCAL_REPOZYTORY\MAVEN\org\glassfish\hk2\spring-bridge\2.5.0-b42\spring-bridge-2.5.0-b42.jar;d:\PROGRAMOWANIE\LOCAL_REPOZYTORY\MAVEN\org\glassfish\jersey\media\jersey-media-json-jackson\2.26\jersey-media-json-jackson-2.26.jar;d:\PROGRAMOWANIE\LOCAL_REPOZYTORY\MAVEN\org\glassfish\jersey\ext\jersey-entity-filtering\2.26\jersey-entity-filtering-2.26.jar;d:\PROGRAMOWANIE\LOCAL_REPOZYTORY\MAVEN\com\fasterxml\jackson\module\jackson-module-jaxb-annotations\2.9.6\jackson-module-jaxb-annotations-2.9.6.jar;d:\PROGRAMOWANIE\LOCAL_REPOZYTORY\MAVEN\org\springframework\boot\spring-boot-starter-mail\2.0.3.RELEASE\spring-boot-starter-mail-2.0.3.RELEASE.jar;d:\PROGRAMOWANIE\LOCAL_REPOZYTORY\MAVEN\org\springframework\spring-context\5.0.7.RELEASE\spring-context-5.0.7.RELEASE.jar;d:\PROGRAMOWANIE\LOCAL_REPOZYTORY\MAVEN\org\springframework\spring-expression\5.0.7.RELEASE\spring-expression-5.0.7.RELEASE.jar;d:\PROGRAMOWANIE\LOCAL_REPOZYTORY\MAVEN\org\springframework\spring-context-support\5.0.7.RELEASE\spring-context-support-5.0.7.RELEASE.jar;d:\PROGRAMOWANIE\LOCAL_REPOZYTORY\MAVEN\com\sun\mail\javax.mail\1.6.1\javax.mail-1.6.1.jar;d:\PROGRAMOWANIE\LOCAL_REPOZYTORY\MAVEN\javax\activation\activation\1.1\activation-1.1.jar;d:\PROGRAMOWANIE\LOCAL_REPOZYTORY\MAVEN\org\springframework\boot\spring-boot-starter-security\2.0.3.RELEASE\spring-boot-starter-security-2.0.3.RELEASE.jar;d:\PROGRAMOWANIE\LOCAL_REPOZYTORY\MAVEN\org\springframework\spring-aop\5.0.7.RELEASE\spring-aop-5.0.7.RELEASE.jar;d:\PROGRAMOWANIE\LOCAL_REPOZYTORY\MAVEN\org\springframework\security\spring-security-config\5.0.6.RELEASE\spring-security-config-5.0.6.RELEASE.jar;d:\PROGRAMOWANIE\LOCAL_REPOZYTORY\MAVEN\org\springframework\security\spring-security-web\5.0.6.RELEASE\spring-security-web-5.0.6.RELEASE.jar;d:\PROGRAMOWANIE\LOCAL_REPOZYTORY\MAVEN\org\springframework\boot\spring-boot-starter-web\2.0.3.RELEASE\spring-boot-starter-web-2.0.3.RELEASE.jar;d:\PROGRAMOWANIE\LOCAL_REPOZYTORY\MAVEN\org\hibernate\validator\hibernate-validator\6.0.10.Final\hibernate-validator-6.0.10.Final.jar;d:\PROGRAMOWANIE\LOCAL_REPOZYTORY\MAVEN\org\springframework\spring-webmvc\5.0.7.RELEASE\spring-webmvc-5.0.7.RELEASE.jar;d:\PROGRAMOWANIE\LOCAL_REPOZYTORY\MAVEN\com\vaadin\vaadin-spring-boot-starter\10.0.1\vaadin-spring-boot-starter-10.0.1.jar;d:\PROGRAMOWANIE\LOCAL_REPOZYTORY\MAVEN\com\vaadin\vaadin-spring\10.0.0\vaadin-spring-10.0.0.jar;d:\PROGRAMOWANIE\LOCAL_REPOZYTORY\MAVEN\com\vaadin\flow-server\1.0.0\flow-server-1.0.0.jar;d:\PROGRAMOWANIE\LOCAL_REPOZYTORY\MAVEN\com\google\gwt\gwt-elemental\2.8.2\gwt-elemental-2.8.2.jar;d:\PROGRAMOWANIE\LOCAL_REPOZYTORY\MAVEN\commons-fileupload\commons-fileupload\1.3.3\commons-fileupload-1.3.3.jar;d:\PROGRAMOWANIE\LOCAL_REPOZYTORY\MAVEN\commons-io\commons-io\2.5\commons-io-2.5.jar;d:\PROGRAMOWANIE\LOCAL_REPOZYTORY\MAVEN\org\jsoup\jsoup\1.10.3\jsoup-1.10.3.jar;d:\PROGRAMOWANIE\LOCAL_REPOZYTORY\MAVEN\com\helger\ph-css\6.1.1\ph-css-6.1.1.jar;d:\PROGRAMOWANIE\LOCAL_REPOZYTORY\MAVEN\com\helger\ph-commons\9.0.2\ph-commons-9.0.2.jar;d:\PROGRAMOWANIE\LOCAL_REPOZYTORY\MAVEN\com\google\code\findbugs\jsr305\3.0.2\jsr305-3.0.2.jar;d:\PROGRAMOWANIE\LOCAL_REPOZYTORY\MAVEN\com\googlecode\gentyref\gentyref\1.2.0\gentyref-1.2.0.jar;d:\PROGRAMOWANIE\LOCAL_REPOZYTORY\MAVEN\com\vaadin\flow-push\1.0.0\flow-push-1.0.0.jar;d:\PROGRAMOWANIE\LOCAL_REPOZYTORY\MAVEN\com\vaadin\external\atmosphere\atmosphere-runtime\2.4.24.vaadin1\atmosphere-runtime-2.4.24.vaadin1.jar;d:\PROGRAMOWANIE\LOCAL_REPOZYTORY\MAVEN\com\vaadin\external\slf4j\vaadin-slf4j-jdk14\1.6.1\vaadin-slf4j-jdk14-1.6.1.jar;d:\PROGRAMOWANIE\LOCAL_REPOZYTORY\MAVEN\com\vaadin\flow-client\1.0.0\flow-client-1.0.0.jar;d:\PROGRAMOWANIE\LOCAL_REPOZYTORY\MAVEN\org\springframework\spring-websocket\5.0.7.RELEASE\spring-websocket-5.0.7.RELEASE.jar;d:\PROGRAMOWANIE\LOCAL_REPOZYTORY\MAVEN\com\vaadin\vaadin-core\10.0.1\vaadin-core-10.0.1.jar;d:\PROGRAMOWANIE\LOCAL_REPOZYTORY\MAVEN\com\vaadin\flow-html-components\1.0.0\flow-html-components-1.0.0.jar;d:\PROGRAMOWANIE\LOCAL_REPOZYTORY\MAVEN\com\vaadin\flow-data\1.0.0\flow-data-1.0.0.jar;d:\PROGRAMOWANIE\LOCAL_REPOZYTORY\MAVEN\com\vaadin\vaadin-lumo-theme\1.0.0\vaadin-lumo-theme-1.0.0.jar;d:\PROGRAMOWANIE\LOCAL_REPOZYTORY\MAVEN\org\webjars\bowergithub\vaadin\vaadin-lumo-styles\1.0.0\vaadin-lumo-styles-1.0.0.jar;d:\PROGRAMOWANIE\LOCAL_REPOZYTORY\MAVEN\org\webjars\bowergithub\polymer\polymer\2.6.0\polymer-2.6.0.jar;d:\PROGRAMOWANIE\LOCAL_REPOZYTORY\MAVEN\org\webjars\bowergithub\webcomponents\shadycss\1.2.1\shadycss-1.2.1.jar;d:\PROGRAMOWANIE\LOCAL_REPOZYTORY\MAVEN\org\webjars\bowergithub\webcomponents\webcomponentsjs\1.2.0\webcomponentsjs-1.2.0.jar;d:\PROGRAMOWANIE\LOCAL_REPOZYTORY\MAVEN\org\webjars\bowergithub\polymerelements\iron-icon\2.1.0\iron-icon-2.1.0.jar;d:\PROGRAMOWANIE\LOCAL_REPOZYTORY\MAVEN\org\webjars\bowergithub\polymerelements\iron-meta\2.1.1\iron-meta-2.1.1.jar;d:\PROGRAMOWANIE\LOCAL_REPOZYTORY\MAVEN\org\webjars\bowergithub\polymerelements\iron-iconset-svg\2.2.1\iron-iconset-svg-2.2.1.jar;d:\PROGRAMOWANIE\LOCAL_REPOZYTORY\MAVEN\org\webjars\bowergithub\polymerelements\iron-flex-layout\2.0.3\iron-flex-layout-2.0.3.jar;d:\PROGRAMOWANIE\LOCAL_REPOZYTORY\MAVEN\com\vaadin\vaadin-button-flow\1.0.0\vaadin-button-flow-1.0.0.jar;d:\PROGRAMOWANIE\LOCAL_REPOZYTORY\MAVEN\org\webjars\bowergithub\vaadin\vaadin-button\2.0.1\vaadin-button-2.0.1.jar;d:\PROGRAMOWANIE\LOCAL_REPOZYTORY\MAVEN\org\webjars\bowergithub\vaadin\vaadin-control-state-mixin\2.0.3\vaadin-control-state-mixin-2.0.3.jar;d:\PROGRAMOWANIE\LOCAL_REPOZYTORY\MAVEN\org\webjars\bowergithub\vaadin\vaadin-element-mixin\1.0.2\vaadin-element-mixin-1.0.2.jar;d:\PROGRAMOWANIE\LOCAL_REPOZYTORY\MAVEN\org\webjars\bowergithub\vaadin\vaadin-usage-statistics\1.0.8\vaadin-usage-statistics-1.0.8.jar;d:\PROGRAMOWANIE\LOCAL_REPOZYTORY\MAVEN\org\webjars\bowergithub\vaadin\vaadin-development-mode-detector\1.0.3\vaadin-development-mode-detector-1.0.3.jar;d:\PROGRAMOWANIE\LOCAL_REPOZYTORY\MAVEN\org\webjars\bowergithub\vaadin\vaadin-themable-mixin\1.1.6\vaadin-themable-mixin-1.1.6.jar;d:\PROGRAMOWANIE\LOCAL_REPOZYTORY\MAVEN\com\vaadin\vaadin-checkbox-flow\1.0.0\vaadin-checkbox-flow-1.0.0.jar;d:\PROGRAMOWANIE\LOCAL_REPOZYTORY\MAVEN\org\webjars\bowergithub\vaadin\vaadin-checkbox\2.1.1\vaadin-checkbox-2.1.1.jar;d:\PROGRAMOWANIE\LOCAL_REPOZYTORY\MAVEN\com\vaadin\vaadin-combo-box-flow\1.0.0\vaadin-combo-box-flow-1.0.0.jar;d:\PROGRAMOWANIE\LOCAL_REPOZYTORY\MAVEN\org\webjars\bowergithub\vaadin\vaadin-combo-box\4.0.1\vaadin-combo-box-4.0.1.jar;d:\PROGRAMOWANIE\LOCAL_REPOZYTORY\MAVEN\org\webjars\bowergithub\polymerelements\iron-resizable-behavior\2.1.0\iron-resizable-behavior-2.1.0.jar;d:\PROGRAMOWANIE\LOCAL_REPOZYTORY\MAVEN\org\webjars\bowergithub\polymerelements\iron-a11y-announcer\2.1.0\iron-a11y-announcer-2.1.0.jar;d:\PROGRAMOWANIE\LOCAL_REPOZYTORY\MAVEN\org\webjars\bowergithub\polymerelements\iron-a11y-keys-behavior\2.1.1\iron-a11y-keys-behavior-2.1.1.jar;d:\PROGRAMOWANIE\LOCAL_REPOZYTORY\MAVEN\org\webjars\bowergithub\vaadin\vaadin-item\2.0.0\vaadin-item-2.0.0.jar;d:\PROGRAMOWANIE\LOCAL_REPOZYTORY\MAVEN\org\webjars\bowergithub\vaadin\vaadin-overlay\3.0.3\vaadin-overlay-3.0.3.jar;d:\PROGRAMOWANIE\LOCAL_REPOZYTORY\MAVEN\org\webjars\bowergithub\polymerelements\iron-overlay-behavior\2.3.4\iron-overlay-behavior-2.3.4.jar;d:\PROGRAMOWANIE\LOCAL_REPOZYTORY\MAVEN\org\webjars\bowergithub\polymerelements\iron-fit-behavior\2.2.0\iron-fit-behavior-2.2.0.jar;d:\PROGRAMOWANIE\LOCAL_REPOZYTORY\MAVEN\com\vaadin\vaadin-date-picker-flow\1.0.0\vaadin-date-picker-flow-1.0.0.jar;d:\PROGRAMOWANIE\LOCAL_REPOZYTORY\MAVEN\org\webjars\bowergithub\vaadin\vaadin-date-picker\3.0.2\vaadin-date-picker-3.0.2.jar;d:\PROGRAMOWANIE\LOCAL_REPOZYTORY\MAVEN\org\webjars\bowergithub\polymerelements\iron-media-query\2.1.0\iron-media-query-2.1.0.jar;d:\PROGRAMOWANIE\LOCAL_REPOZYTORY\MAVEN\com\vaadin\vaadin-dialog-flow\1.0.0\vaadin-dialog-flow-1.0.0.jar;d:\PROGRAMOWANIE\LOCAL_REPOZYTORY\MAVEN\org\webjars\bowergithub\vaadin\vaadin-dialog\2.0.2\vaadin-dialog-2.0.2.jar;d:\PROGRAMOWANIE\LOCAL_REPOZYTORY\MAVEN\com\vaadin\vaadin-form-layout-flow\1.0.0\vaadin-form-layout-flow-1.0.0.jar;d:\PROGRAMOWANIE\LOCAL_REPOZYTORY\MAVEN\org\webjars\bowergithub\vaadin\vaadin-form-layout\2.0.1\vaadin-form-layout-2.0.1.jar;d:\PROGRAMOWANIE\LOCAL_REPOZYTORY\MAVEN\com\vaadin\vaadin-grid-flow\1.0.0\vaadin-grid-flow-1.0.0.jar;d:\PROGRAMOWANIE\LOCAL_REPOZYTORY\MAVEN\org\webjars\bowergithub\vaadin\vaadin-grid\5.0.4\vaadin-grid-5.0.4.jar;d:\PROGRAMOWANIE\LOCAL_REPOZYTORY\MAVEN\org\webjars\bowergithub\polymerelements\iron-scroll-target-behavior\2.1.1\iron-scroll-target-behavior-2.1.1.jar;d:\PROGRAMOWANIE\LOCAL_REPOZYTORY\MAVEN\org\apache\commons\commons-lang3\3.7\commons-lang3-3.7.jar;d:\PROGRAMOWANIE\LOCAL_REPOZYTORY\MAVEN\com\vaadin\vaadin-icons-flow\1.0.0\vaadin-icons-flow-1.0.0.jar;d:\PROGRAMOWANIE\LOCAL_REPOZYTORY\MAVEN\org\webjars\bowergithub\vaadin\vaadin-icons\4.1.4\vaadin-icons-4.1.4.jar;d:\PROGRAMOWANIE\LOCAL_REPOZYTORY\MAVEN\com\vaadin\vaadin-iron-list-flow\1.0.0\vaadin-iron-list-flow-1.0.0.jar;d:\PROGRAMOWANIE\LOCAL_REPOZYTORY\MAVEN\org\webjars\bowergithub\polymerelements\iron-list\2.0.12\iron-list-2.0.12.jar;d:\PROGRAMOWANIE\LOCAL_REPOZYTORY\MAVEN\com\vaadin\vaadin-list-box-flow\1.0.0\vaadin-list-box-flow-1.0.0.jar;d:\PROGRAMOWANIE\LOCAL_REPOZYTORY\MAVEN\org\webjars\bowergithub\vaadin\vaadin-list-box\1.0.2\vaadin-list-box-1.0.2.jar;d:\PROGRAMOWANIE\LOCAL_REPOZYTORY\MAVEN\org\webjars\bowergithub\vaadin\vaadin-list-mixin\2.0.0\vaadin-list-mixin-2.0.0.jar;d:\PROGRAMOWANIE\LOCAL_REPOZYTORY\MAVEN\com\vaadin\vaadin-ordered-layout-flow\1.0.0\vaadin-ordered-layout-flow-1.0.0.jar;d:\PROGRAMOWANIE\LOCAL_REPOZYTORY\MAVEN\org\webjars\bowergithub\vaadin\vaadin-ordered-layout\1.0.2\vaadin-ordered-layout-1.0.2.jar;d:\PROGRAMOWANIE\LOCAL_REPOZYTORY\MAVEN\com\vaadin\vaadin-progress-bar-flow\1.0.0\vaadin-progress-bar-flow-1.0.0.jar;d:\PROGRAMOWANIE\LOCAL_REPOZYTORY\MAVEN\org\webjars\bowergithub\vaadin\vaadin-progress-bar\1.0.0\vaadin-progress-bar-1.0.0.jar;d:\PROGRAMOWANIE\LOCAL_REPOZYTORY\MAVEN\com\vaadin\vaadin-radio-button-flow\1.0.0\vaadin-radio-button-flow-1.0.0.jar;d:\PROGRAMOWANIE\LOCAL_REPOZYTORY\MAVEN\org\webjars\bowergithub\vaadin\vaadin-radio-button\1.0.1\vaadin-radio-button-1.0.1.jar;d:\PROGRAMOWANIE\LOCAL_REPOZYTORY\MAVEN\com\vaadin\vaadin-split-layout-flow\1.0.0\vaadin-split-layout-flow-1.0.0.jar;d:\PROGRAMOWANIE\LOCAL_REPOZYTORY\MAVEN\org\webjars\bowergithub\vaadin\vaadin-split-layout\4.0.0\vaadin-split-layout-4.0.0.jar;d:\PROGRAMOWANIE\LOCAL_REPOZYTORY\MAVEN\com\vaadin\vaadin-tabs-flow\1.0.0\vaadin-tabs-flow-1.0.0.jar;d:\PROGRAMOWANIE\LOCAL_REPOZYTORY\MAVEN\org\webjars\bowergithub\vaadin\vaadin-tabs\2.0.0\vaadin-tabs-2.0.0.jar;d:\PROGRAMOWANIE\LOCAL_REPOZYTORY\MAVEN\com\vaadin\vaadin-text-field-flow\1.0.0\vaadin-text-field-flow-1.0.0.jar;d:\PROGRAMOWANIE\LOCAL_REPOZYTORY\MAVEN\org\webjars\bowergithub\vaadin\vaadin-text-field\2.0.1\vaadin-text-field-2.0.1.jar;d:\PROGRAMOWANIE\LOCAL_REPOZYTORY\MAVEN\com\vaadin\vaadin-upload-flow\1.0.0\vaadin-upload-flow-1.0.0.jar;d:\PROGRAMOWANIE\LOCAL_REPOZYTORY\MAVEN\org\webjars\bowergithub\vaadin\vaadin-upload\4.0.0\vaadin-upload-4.0.0.jar;d:\PROGRAMOWANIE\LOCAL_REPOZYTORY\MAVEN\com\vaadin\vaadin-notification-flow\1.0.0\vaadin-notification-flow-1.0.0.jar;d:\PROGRAMOWANIE\LOCAL_REPOZYTORY\MAVEN\org\webjars\bowergithub\vaadin\vaadin-notification\1.0.0\vaadin-notification-1.0.0.jar;d:\PROGRAMOWANIE\LOCAL_REPOZYTORY\MAVEN\de\codecentric\spring-boot-admin-starter-client\2.0.1\spring-boot-admin-starter-client-2.0.1.jar;d:\PROGRAMOWANIE\LOCAL_REPOZYTORY\MAVEN\de\codecentric\spring-boot-admin-client\2.0.1\spring-boot-admin-client-2.0.1.jar;d:\PROGRAMOWANIE\LOCAL_REPOZYTORY\MAVEN\org\jolokia\jolokia-core\1.5.0\jolokia-core-1.5.0.jar;d:\PROGRAMOWANIE\LOCAL_REPOZYTORY\MAVEN\com\googlecode\json-simple\json-simple\1.1.1\json-simple-1.1.1.jar;d:\PROGRAMOWANIE\LOCAL_REPOZYTORY\MAVEN\de\codecentric\spring-boot-admin-starter-server\2.0.1\spring-boot-admin-starter-server-2.0.1.jar;d:\PROGRAMOWANIE\LOCAL_REPOZYTORY\MAVEN\de\codecentric\spring-boot-admin-server\2.0.1\spring-boot-admin-server-2.0.1.jar;d:\PROGRAMOWANIE\LOCAL_REPOZYTORY\MAVEN\org\springframework\boot\spring-boot-starter-webflux\2.0.3.RELEASE\spring-boot-starter-webflux-2.0.3.RELEASE.jar;d:\PROGRAMOWANIE\LOCAL_REPOZYTORY\MAVEN\org\springframework\boot\spring-boot-starter-reactor-netty\2.0.3.RELEASE\spring-boot-starter-reactor-netty-2.0.3.RELEASE.jar;d:\PROGRAMOWANIE\LOCAL_REPOZYTORY\MAVEN\io\projectreactor\ipc\reactor-netty\0.7.8.RELEASE\reactor-netty-0.7.8.RELEASE.jar;d:\PROGRAMOWANIE\LOCAL_REPOZYTORY\MAVEN\io\netty\netty-codec-http\4.1.25.Final\netty-codec-http-4.1.25.Final.jar;d:\PROGRAMOWANIE\LOCAL_REPOZYTORY\MAVEN\io\netty\netty-codec\4.1.25.Final\netty-codec-4.1.25.Final.jar;d:\PROGRAMOWANIE\LOCAL_REPOZYTORY\MAVEN\io\netty\netty-handler\4.1.25.Final\netty-handler-4.1.25.Final.jar;d:\PROGRAMOWANIE\LOCAL_REPOZYTORY\MAVEN\io\netty\netty-buffer\4.1.25.Final\netty-buffer-4.1.25.Final.jar;d:\PROGRAMOWANIE\LOCAL_REPOZYTORY\MAVEN\io\netty\netty-transport\4.1.25.Final\netty-transport-4.1.25.Final.jar;d:\PROGRAMOWANIE\LOCAL_REPOZYTORY\MAVEN\io\netty\netty-resolver\4.1.25.Final\netty-resolver-4.1.25.Final.jar;d:\PROGRAMOWANIE\LOCAL_REPOZYTORY\MAVEN\io\netty\netty-handler-proxy\4.1.25.Final\netty-handler-proxy-4.1.25.Final.jar;d:\PROGRAMOWANIE\LOCAL_REPOZYTORY\MAVEN\io\netty\netty-codec-socks\4.1.25.Final\netty-codec-socks-4.1.25.Final.jar;d:\PROGRAMOWANIE\LOCAL_REPOZYTORY\MAVEN\io\netty\netty-transport-native-epoll\4.1.25.Final\netty-transport-native-epoll-4.1.25.Final-linux-x86_64.jar;d:\PROGRAMOWANIE\LOCAL_REPOZYTORY\MAVEN\io\netty\netty-common\4.1.25.Final\netty-common-4.1.25.Final.jar;d:\PROGRAMOWANIE\LOCAL_REPOZYTORY\MAVEN\io\netty\netty-transport-native-unix-common\4.1.25.Final\netty-transport-native-unix-common-4.1.25.Final.jar;d:\PROGRAMOWANIE\LOCAL_REPOZYTORY\MAVEN\org\springframework\spring-webflux\5.0.7.RELEASE\spring-webflux-5.0.7.RELEASE.jar;d:\PROGRAMOWANIE\LOCAL_REPOZYTORY\MAVEN\org\synchronoss\cloud\nio-multipart-parser\1.1.0\nio-multipart-parser-1.1.0.jar;d:\PROGRAMOWANIE\LOCAL_REPOZYTORY\MAVEN\org\synchronoss\cloud\nio-stream-storage\1.1.3\nio-stream-storage-1.1.3.jar;d:\PROGRAMOWANIE\LOCAL_REPOZYTORY\MAVEN\org\springframework\boot\spring-boot-starter-thymeleaf\2.0.3.RELEASE\spring-boot-starter-thymeleaf-2.0.3.RELEASE.jar;d:\PROGRAMOWANIE\LOCAL_REPOZYTORY\MAVEN\org\thymeleaf\thymeleaf-spring5\3.0.9.RELEASE\thymeleaf-spring5-3.0.9.RELEASE.jar;d:\PROGRAMOWANIE\LOCAL_REPOZYTORY\MAVEN\org\thymeleaf\thymeleaf\3.0.9.RELEASE\thymeleaf-3.0.9.RELEASE.jar;d:\PROGRAMOWANIE\LOCAL_REPOZYTORY\MAVEN\org\attoparser\attoparser\2.0.4.RELEASE\attoparser-2.0.4.RELEASE.jar;d:\PROGRAMOWANIE\LOCAL_REPOZYTORY\MAVEN\org\unbescape\unbescape\1.1.5.RELEASE\unbescape-1.1.5.RELEASE.jar;d:\PROGRAMOWANIE\LOCAL_REPOZYTORY\MAVEN\org\thymeleaf\extras\thymeleaf-extras-java8time\3.0.1.RELEASE\thymeleaf-extras-java8time-3.0.1.RELEASE.jar;d:\PROGRAMOWANIE\LOCAL_REPOZYTORY\MAVEN\io\projectreactor\addons\reactor-extra\3.1.6.RELEASE\reactor-extra-3.1.6.RELEASE.jar;d:\PROGRAMOWANIE\LOCAL_REPOZYTORY\MAVEN\io\projectreactor\reactor-core\3.1.8.RELEASE\reactor-core-3.1.8.RELEASE.jar;d:\PROGRAMOWANIE\LOCAL_REPOZYTORY\MAVEN\org\reactivestreams\reactive-streams\1.0.2\reactive-streams-1.0.2.jar;d:\PROGRAMOWANIE\LOCAL_REPOZYTORY\MAVEN\de\codecentric\spring-boot-admin-server-ui\2.0.1\spring-boot-admin-server-ui-2.0.1.jar;d:\PROGRAMOWANIE\LOCAL_REPOZYTORY\MAVEN\de\codecentric\spring-boot-admin-server-cloud\2.0.1\spring-boot-admin-server-cloud-2.0.1.jar;d:\PROGRAMOWANIE\LOCAL_REPOZYTORY\MAVEN\org\springframework\data\spring-data-rest-hal-browser\3.0.8.RELEASE\spring-data-rest-hal-browser-3.0.8.RELEASE.jar;d:\PROGRAMOWANIE\LOCAL_REPOZYTORY\MAVEN\org\slf4j\slf4j-api\1.7.25\slf4j-api-1.7.25.jar;d:\PROGRAMOWANIE\LOCAL_REPOZYTORY\MAVEN\org\springframework\session\spring-session-core\2.0.4.RELEASE\spring-session-core-2.0.4.RELEASE.jar;d:\PROGRAMOWANIE\LOCAL_REPOZYTORY\MAVEN\org\springframework\spring-jcl\5.0.7.RELEASE\spring-jcl-5.0.7.RELEASE.jar;d:\PROGRAMOWANIE\LOCAL_REPOZYTORY\MAVEN\org\springframework\boot\spring-boot-devtools\2.0.3.RELEASE\spring-boot-devtools-2.0.3.RELEASE.jar;d:\PROGRAMOWANIE\LOCAL_REPOZYTORY\MAVEN\org\springframework\boot\spring-boot\2.0.3.RELEASE\spring-boot-2.0.3.RELEASE.jar;d:\PROGRAMOWANIE\LOCAL_REPOZYTORY\MAVEN\org\springframework\boot\spring-boot-autoconfigure\2.0.3.RELEASE\spring-boot-autoconfigure-2.0.3.RELEASE.jar;d:\PROGRAMOWANIE\LOCAL_REPOZYTORY\MAVEN\com\h2database\h2\1.4.197\h2-1.4.197.jar;d:\PROGRAMOWANIE\LOCAL_REPOZYTORY\MAVEN\com\microsoft\sqlserver\mssql-jdbc\6.2.2.jre8\mssql-jdbc-6.2.2.jre8.jar;d:\PROGRAMOWANIE\LOCAL_REPOZYTORY\MAVEN\org\postgresql\postgresql\42.2.2\postgresql-42.2.2.jar;d:\PROGRAMOWANIE\LOCAL_REPOZYTORY\MAVEN\com\oracle\ojdbc8\12.2.0.1\ojdbc8-12.2.0.1.jar;d:\PROGRAMOWANIE\LOCAL_REPOZYTORY\MAVEN\org\springframework\boot\spring-boot-starter-test\2.0.3.RELEASE\spring-boot-starter-test-2.0.3.RELEASE.jar;d:\PROGRAMOWANIE\LOCAL_REPOZYTORY\MAVEN\org\springframework\boot\spring-boot-test\2.0.3.RELEASE\spring-boot-test-2.0.3.RELEASE.jar;d:\PROGRAMOWANIE\LOCAL_REPOZYTORY\MAVEN\org\springframework\boot\spring-boot-test-autoconfigure\2.0.3.RELEASE\spring-boot-test-autoconfigure-2.0.3.RELEASE.jar;d:\PROGRAMOWANIE\LOCAL_REPOZYTORY\MAVEN\com\jayway\jsonpath\json-path\2.4.0\json-path-2.4.0.jar;d:\PROGRAMOWANIE\LOCAL_REPOZYTORY\MAVEN\net\minidev\json-smart\2.3\json-smart-2.3.jar;d:\PROGRAMOWANIE\LOCAL_REPOZYTORY\MAVEN\net\minidev\accessors-smart\1.2\accessors-smart-1.2.jar;d:\PROGRAMOWANIE\LOCAL_REPOZYTORY\MAVEN\org\ow2\asm\asm\5.0.4\asm-5.0.4.jar;d:\PROGRAMOWANIE\LOCAL_REPOZYTORY\MAVEN\junit\junit\4.12\junit-4.12.jar;d:\PROGRAMOWANIE\LOCAL_REPOZYTORY\MAVEN\org\assertj\assertj-core\3.9.1\assertj-core-3.9.1.jar;d:\PROGRAMOWANIE\LOCAL_REPOZYTORY\MAVEN\org\mockito\mockito-core\2.15.0\mockito-core-2.15.0.jar;d:\PROGRAMOWANIE\LOCAL_REPOZYTORY\MAVEN\net\bytebuddy\byte-buddy\1.7.11\byte-buddy-1.7.11.jar;d:\PROGRAMOWANIE\LOCAL_REPOZYTORY\MAVEN\net\bytebuddy\byte-buddy-agent\1.7.11\byte-buddy-agent-1.7.11.jar;d:\PROGRAMOWANIE\LOCAL_REPOZYTORY\MAVEN\org\objenesis\objenesis\2.6\objenesis-2.6.jar;d:\PROGRAMOWANIE\LOCAL_REPOZYTORY\MAVEN\org\hamcrest\hamcrest-core\1.3\hamcrest-core-1.3.jar;d:\PROGRAMOWANIE\LOCAL_REPOZYTORY\MAVEN\org\hamcrest\hamcrest-library\1.3\hamcrest-library-1.3.jar;d:\PROGRAMOWANIE\LOCAL_REPOZYTORY\MAVEN\org\skyscreamer\jsonassert\1.5.0\jsonassert-1.5.0.jar;d:\PROGRAMOWANIE\LOCAL_REPOZYTORY\MAVEN\com\vaadin\external\google\android-json\0.0.20131108.vaadin1\android-json-0.0.20131108.vaadin1.jar;d:\PROGRAMOWANIE\LOCAL_REPOZYTORY\MAVEN\org\springframework\spring-core\5.0.7.RELEASE\spring-core-5.0.7.RELEASE.jar;d:\PROGRAMOWANIE\LOCAL_REPOZYTORY\MAVEN\org\springframework\spring-test\5.0.7.RELEASE\spring-test-5.0.7.RELEASE.jar;d:\PROGRAMOWANIE\LOCAL_REPOZYTORY\MAVEN\org\xmlunit\xmlunit-core\2.5.1\xmlunit-core-2.5.1.jar;d:\PROGRAMOWANIE\LOCAL_REPOZYTORY\MAVEN\org\springframework\security\spring-security-test\5.0.6.RELEASE\spring-security-test-5.0.6.RELEASE.jar;d:\PROGRAMOWANIE\LOCAL_REPOZYTORY\MAVEN\org\springframework\security\spring-security-core\5.0.6.RELEASE\spring-security-core-5.0.6.RELEASE.jar;"/>
    <property name="java.vm.vendor" value="Oracle Corporation"/>
    <property name="sun.arch.data.model" value="64"/>
    <property name="user.variant" value=""/>
    <property name="java.vendor.url" value="http://java.oracle.com/"/>
    <property name="user.timezone" value=""/>
    <property name="java.vm.specification.version" value="1.8"/>
    <property name="os.name" value="Windows 10"/>
    <property name="user.country" value="PL"/>
    <property name="sun.java.launcher" value="SUN_STANDARD"/>
    <property name="sun.boot.library.path" value="c:\Java\jdk1.8.0_131\jre\bin"/>
    <property name="sun.java.command" value="C:\Users\JACZAW\AppData\Local\Temp\surefire1998966047380879202\surefirebooter265044455596138916.jar C:\Users\JACZAW\AppData\Local\Temp\surefire1998966047380879202 2018-06-28T20-46-10_956-jvmRun1 surefire9170159281355332697tmp surefire_03652805927108062106tmp"/>
    <property name="surefire.test.class.path" value="D:\PROGRAMOWANIE\------NAUKA------\PROJEKT_MISTRZOSTWA_SWIATA\WARSTWA_APLIKACJI\REPOZYTORIUM_KODU\championships-football-app\target\test-classes;D:\PROGRAMOWANIE\------NAUKA------\PROJEKT_MISTRZOSTWA_SWIATA\WARSTWA_APLIKACJI\REPOZYTORIUM_KODU\championships-football-app\target\classes;d:\PROGRAMOWANIE\LOCAL_REPOZYTORY\MAVEN\org\springframework\boot\spring-boot-starter-actuator\2.0.3.RELEASE\spring-boot-starter-actuator-2.0.3.RELEASE.jar;d:\PROGRAMOWANIE\LOCAL_REPOZYTORY\MAVEN\org\springframework\boot\spring-boot-starter\2.0.3.RELEASE\spring-boot-starter-2.0.3.RELEASE.jar;d:\PROGRAMOWANIE\LOCAL_REPOZYTORY\MAVEN\org\springframework\boot\spring-boot-starter-logging\2.0.3.RELEASE\spring-boot-starter-logging-2.0.3.RELEASE.jar;d:\PROGRAMOWANIE\LOCAL_REPOZYTORY\MAVEN\ch\qos\logback\logback-classic\1.2.3\logback-classic-1.2.3.jar;d:\PROGRAMOWANIE\LOCAL_REPOZYTORY\MAVEN\ch\qos\logback\logback-core\1.2.3\logback-core-1.2.3.jar;d:\PROGRAMOWANIE\LOCAL_REPOZYTORY\MAVEN\org\apache\logging\log4j\log4j-to-slf4j\2.10.0\log4j-to-slf4j-2.10.0.jar;d:\PROGRAMOWANIE\LOCAL_REPOZYTORY\MAVEN\org\apache\logging\log4j\log4j-api\2.10.0\log4j-api-2.10.0.jar;d:\PROGRAMOWANIE\LOCAL_REPOZYTORY\MAVEN\org\slf4j\jul-to-slf4j\1.7.25\jul-to-slf4j-1.7.25.jar;d:\PROGRAMOWANIE\LOCAL_REPOZYTORY\MAVEN\javax\annotation\javax.annotation-api\1.3.2\javax.annotation-api-1.3.2.jar;d:\PROGRAMOWANIE\LOCAL_REPOZYTORY\MAVEN\org\yaml\snakeyaml\1.19\snakeyaml-1.19.jar;d:\PROGRAMOWANIE\LOCAL_REPOZYTORY\MAVEN\org\springframework\boot\spring-boot-actuator-autoconfigure\2.0.3.RELEASE\spring-boot-actuator-autoconfigure-2.0.3.RELEASE.jar;d:\PROGRAMOWANIE\LOCAL_REPOZYTORY\MAVEN\org\springframework\boot\spring-boot-actuator\2.0.3.RELEASE\spring-boot-actuator-2.0.3.RELEASE.jar;d:\PROGRAMOWANIE\LOCAL_REPOZYTORY\MAVEN\com\fasterxml\jackson\core\jackson-databind\2.9.6\jackson-databind-2.9.6.jar;d:\PROGRAMOWANIE\LOCAL_REPOZYTORY\MAVEN\com\fasterxml\jackson\core\jackson-core\2.9.6\jackson-core-2.9.6.jar;d:\PROGRAMOWANIE\LOCAL_REPOZYTORY\MAVEN\com\fasterxml\jackson\datatype\jackson-datatype-jsr310\2.9.6\jackson-datatype-jsr310-2.9.6.jar;d:\PROGRAMOWANIE\LOCAL_REPOZYTORY\MAVEN\io\micrometer\micrometer-core\1.0.5\micrometer-core-1.0.5.jar;d:\PROGRAMOWANIE\LOCAL_REPOZYTORY\MAVEN\org\hdrhistogram\HdrHistogram\2.1.10\HdrHistogram-2.1.10.jar;d:\PROGRAMOWANIE\LOCAL_REPOZYTORY\MAVEN\org\latencyutils\LatencyUtils\2.0.3\LatencyUtils-2.0.3.jar;d:\PROGRAMOWANIE\LOCAL_REPOZYTORY\MAVEN\org\springframework\boot\spring-boot-starter-data-jpa\2.0.3.RELEASE\spring-boot-starter-data-jpa-2.0.3.RELEASE.jar;d:\PROGRAMOWANIE\LOCAL_REPOZYTORY\MAVEN\org\springframework\boot\spring-boot-starter-aop\2.0.3.RELEASE\spring-boot-starter-aop-2.0.3.RELEASE.jar;d:\PROGRAMOWANIE\LOCAL_REPOZYTORY\MAVEN\org\aspectj\aspectjweaver\1.8.13\aspectjweaver-1.8.13.jar;d:\PROGRAMOWANIE\LOCAL_REPOZYTORY\MAVEN\org\springframework\boot\spring-boot-starter-jdbc\2.0.3.RELEASE\spring-boot-starter-jdbc-2.0.3.RELEASE.jar;d:\PROGRAMOWANIE\LOCAL_REPOZYTORY\MAVEN\com\zaxxer\HikariCP\2.7.9\HikariCP-2.7.9.jar;d:\PROGRAMOWANIE\LOCAL_REPOZYTORY\MAVEN\org\springframework\spring-jdbc\5.0.7.RELEASE\spring-jdbc-5.0.7.RELEASE.jar;d:\PROGRAMOWANIE\LOCAL_REPOZYTORY\MAVEN\org\hibernate\hibernate-core\5.2.17.Final\hibernate-core-5.2.17.Final.jar;d:\PROGRAMOWANIE\LOCAL_REPOZYTORY\MAVEN\org\jboss\logging\jboss-logging\3.3.2.Final\jboss-logging-3.3.2.Final.jar;d:\PROGRAMOWANIE\LOCAL_REPOZYTORY\MAVEN\org\hibernate\javax\persistence\hibernate-jpa-2.1-api\1.0.2.Final\hibernate-jpa-2.1-api-1.0.2.Final.jar;d:\PROGRAMOWANIE\LOCAL_REPOZYTORY\MAVEN\org\javassist\javassist\3.22.0-GA\javassist-3.22.0-GA.jar;d:\PROGRAMOWANIE\LOCAL_REPOZYTORY\MAVEN\antlr\antlr\2.7.7\antlr-2.7.7.jar;d:\PROGRAMOWANIE\LOCAL_REPOZYTORY\MAVEN\org\jboss\jandex\2.0.3.Final\jandex-2.0.3.Final.jar;d:\PROGRAMOWANIE\LOCAL_REPOZYTORY\MAVEN\com\fasterxml\classmate\1.3.4\classmate-1.3.4.jar;d:\PROGRAMOWANIE\LOCAL_REPOZYTORY\MAVEN\dom4j\dom4j\1.6.1\dom4j-1.6.1.jar;d:\PROGRAMOWANIE\LOCAL_REPOZYTORY\MAVEN\org\hibernate\common\hibernate-commons-annotations\5.0.1.Final\hibernate-commons-annotations-5.0.1.Final.jar;d:\PROGRAMOWANIE\LOCAL_REPOZYTORY\MAVEN\javax\transaction\javax.transaction-api\1.2\javax.transaction-api-1.2.jar;d:\PROGRAMOWANIE\LOCAL_REPOZYTORY\MAVEN\org\springframework\data\spring-data-jpa\2.0.8.RELEASE\spring-data-jpa-2.0.8.RELEASE.jar;d:\PROGRAMOWANIE\LOCAL_REPOZYTORY\MAVEN\org\springframework\data\spring-data-commons\2.0.8.RELEASE\spring-data-commons-2.0.8.RELEASE.jar;d:\PROGRAMOWANIE\LOCAL_REPOZYTORY\MAVEN\org\springframework\spring-orm\5.0.7.RELEASE\spring-orm-5.0.7.RELEASE.jar;d:\PROGRAMOWANIE\LOCAL_REPOZYTORY\MAVEN\org\springframework\spring-tx\5.0.7.RELEASE\spring-tx-5.0.7.RELEASE.jar;d:\PROGRAMOWANIE\LOCAL_REPOZYTORY\MAVEN\org\springframework\spring-beans\5.0.7.RELEASE\spring-beans-5.0.7.RELEASE.jar;d:\PROGRAMOWANIE\LOCAL_REPOZYTORY\MAVEN\org\springframework\spring-aspects\5.0.7.RELEASE\spring-aspects-5.0.7.RELEASE.jar;d:\PROGRAMOWANIE\LOCAL_REPOZYTORY\MAVEN\org\springframework\boot\spring-boot-starter-data-rest\2.0.3.RELEASE\spring-boot-starter-data-rest-2.0.3.RELEASE.jar;d:\PROGRAMOWANIE\LOCAL_REPOZYTORY\MAVEN\org\springframework\boot\spring-boot-starter-json\2.0.3.RELEASE\spring-boot-starter-json-2.0.3.RELEASE.jar;d:\PROGRAMOWANIE\LOCAL_REPOZYTORY\MAVEN\com\fasterxml\jackson\datatype\jackson-datatype-jdk8\2.9.6\jackson-datatype-jdk8-2.9.6.jar;d:\PROGRAMOWANIE\LOCAL_REPOZYTORY\MAVEN\com\fasterxml\jackson\module\jackson-module-parameter-names\2.9.6\jackson-module-parameter-names-2.9.6.jar;d:\PROGRAMOWANIE\LOCAL_REPOZYTORY\MAVEN\org\springframework\data\spring-data-rest-webmvc\3.0.8.RELEASE\spring-data-rest-webmvc-3.0.8.RELEASE.jar;d:\PROGRAMOWANIE\LOCAL_REPOZYTORY\MAVEN\org\springframework\data\spring-data-rest-core\3.0.8.RELEASE\spring-data-rest-core-3.0.8.RELEASE.jar;d:\PROGRAMOWANIE\LOCAL_REPOZYTORY\MAVEN\org\springframework\hateoas\spring-hateoas\0.24.0.RELEASE\spring-hateoas-0.24.0.RELEASE.jar;d:\PROGRAMOWANIE\LOCAL_REPOZYTORY\MAVEN\org\springframework\plugin\spring-plugin-core\1.2.0.RELEASE\spring-plugin-core-1.2.0.RELEASE.jar;d:\PROGRAMOWANIE\LOCAL_REPOZYTORY\MAVEN\org\atteo\evo-inflector\1.2.2\evo-inflector-1.2.2.jar;d:\PROGRAMOWANIE\LOCAL_REPOZYTORY\MAVEN\com\fasterxml\jackson\core\jackson-annotations\2.9.0\jackson-annotations-2.9.0.jar;d:\PROGRAMOWANIE\LOCAL_REPOZYTORY\MAVEN\org\springframework\boot\spring-boot-starter-jersey\2.0.3.RELEASE\spring-boot-starter-jersey-2.0.3.RELEASE.jar;d:\PROGRAMOWANIE\LOCAL_REPOZYTORY\MAVEN\org\springframework\boot\spring-boot-starter-tomcat\2.0.3.RELEASE\spring-boot-starter-tomcat-2.0.3.RELEASE.jar;d:\PROGRAMOWANIE\LOCAL_REPOZYTORY\MAVEN\org\apache\tomcat\embed\tomcat-embed-core\8.5.31\tomcat-embed-core-8.5.31.jar;d:\PROGRAMOWANIE\LOCAL_REPOZYTORY\MAVEN\org\apache\tomcat\embed\tomcat-embed-el\8.5.31\tomcat-embed-el-8.5.31.jar;d:\PROGRAMOWANIE\LOCAL_REPOZYTORY\MAVEN\org\apache\tomcat\embed\tomcat-embed-websocket\8.5.31\tomcat-embed-websocket-8.5.31.jar;d:\PROGRAMOWANIE\LOCAL_REPOZYTORY\MAVEN\org\springframework\boot\spring-boot-starter-validation\2.0.3.RELEASE\spring-boot-starter-validation-2.0.3.RELEASE.jar;d:\PROGRAMOWANIE\LOCAL_REPOZYTORY\MAVEN\org\springframework\spring-web\5.0.7.RELEASE\spring-web-5.0.7.RELEASE.jar;d:\PROGRAMOWANIE\LOCAL_REPOZYTORY\MAVEN\org\glassfish\jersey\core\jersey-server\2.26\jersey-server-2.26.jar;d:\PROGRAMOWANIE\LOCAL_REPOZYTORY\MAVEN\org\glassfish\jersey\core\jersey-common\2.26\jersey-common-2.26.jar;d:\PROGRAMOWANIE\LOCAL_REPOZYTORY\MAVEN\org\glassfish\hk2\osgi-resource-locator\1.0.1\osgi-resource-locator-1.0.1.jar;d:\PROGRAMOWANIE\LOCAL_REPOZYTORY\MAVEN\org\glassfish\jersey\core\jersey-client\2.26\jersey-client-2.26.jar;d:\PROGRAMOWANIE\LOCAL_REPOZYTORY\MAVEN\javax\ws\rs\javax.ws.rs-api\2.1\javax.ws.rs-api-2.1.jar;d:\PROGRAMOWANIE\LOCAL_REPOZYTORY\MAVEN\org\glassfish\jersey\media\jersey-media-jaxb\2.26\jersey-media-jaxb-2.26.jar;d:\PROGRAMOWANIE\LOCAL_REPOZYTORY\MAVEN\javax\validation\validation-api\2.0.1.Final\validation-api-2.0.1.Final.jar;d:\PROGRAMOWANIE\LOCAL_REPOZYTORY\MAVEN\org\glassfish\jersey\containers\jersey-container-servlet-core\2.26\jersey-container-servlet-core-2.26.jar;d:\PROGRAMOWANIE\LOCAL_REPOZYTORY\MAVEN\org\glassfish\jersey\containers\jersey-container-servlet\2.26\jersey-container-servlet-2.26.jar;d:\PROGRAMOWANIE\LOCAL_REPOZYTORY\MAVEN\org\glassfish\jersey\ext\jersey-bean-validation\2.26\jersey-bean-validation-2.26.jar;d:\PROGRAMOWANIE\LOCAL_REPOZYTORY\MAVEN\org\glassfish\jersey\ext\jersey-spring4\2.26\jersey-spring4-2.26.jar;d:\PROGRAMOWANIE\LOCAL_REPOZYTORY\MAVEN\org\glassfish\jersey\inject\jersey-hk2\2.26\jersey-hk2-2.26.jar;d:\PROGRAMOWANIE\LOCAL_REPOZYTORY\MAVEN\org\glassfish\hk2\hk2-locator\2.5.0-b42\hk2-locator-2.5.0-b42.jar;d:\PROGRAMOWANIE\LOCAL_REPOZYTORY\MAVEN\org\glassfish\hk2\external\aopalliance-repackaged\2.5.0-b42\aopalliance-repackaged-2.5.0-b42.jar;d:\PROGRAMOWANIE\LOCAL_REPOZYTORY\MAVEN\org\glassfish\hk2\hk2\2.5.0-b42\hk2-2.5.0-b42.jar;d:\PROGRAMOWANIE\LOCAL_REPOZYTORY\MAVEN\org\glassfish\hk2\hk2-utils\2.5.0-b42\hk2-utils-2.5.0-b42.jar;d:\PROGRAMOWANIE\LOCAL_REPOZYTORY\MAVEN\javax\inject\javax.inject\1\javax.inject-1.jar;d:\PROGRAMOWANIE\LOCAL_REPOZYTORY\MAVEN\org\glassfish\hk2\hk2-api\2.5.0-b42\hk2-api-2.5.0-b42.jar;d:\PROGRAMOWANIE\LOCAL_REPOZYTORY\MAVEN\org\glassfish\hk2\config-types\2.5.0-b42\config-types-2.5.0-b42.jar;d:\PROGRAMOWANIE\LOCAL_REPOZYTORY\MAVEN\org\glassfish\hk2\hk2-core\2.5.0-b42\hk2-core-2.5.0-b42.jar;d:\PROGRAMOWANIE\LOCAL_REPOZYTORY\MAVEN\org\glassfish\hk2\hk2-config\2.5.0-b42\hk2-config-2.5.0-b42.jar;d:\PROGRAMOWANIE\LOCAL_REPOZYTORY\MAVEN\org\glassfish\hk2\hk2-runlevel\2.5.0-b42\hk2-runlevel-2.5.0-b42.jar;d:\PROGRAMOWANIE\LOCAL_REPOZYTORY\MAVEN\org\glassfish\hk2\class-model\2.5.0-b42\class-model-2.5.0-b42.jar;d:\PROGRAMOWANIE\LOCAL_REPOZYTORY\MAVEN\org\glassfish\hk2\external\asm-all-repackaged\2.5.0-b42\asm-all-repackaged-2.5.0-b42.jar;d:\PROGRAMOWANIE\LOCAL_REPOZYTORY\MAVEN\org\glassfish\hk2\spring-bridge\2.5.0-b42\spring-bridge-2.5.0-b42.jar;d:\PROGRAMOWANIE\LOCAL_REPOZYTORY\MAVEN\org\glassfish\jersey\media\jersey-media-json-jackson\2.26\jersey-media-json-jackson-2.26.jar;d:\PROGRAMOWANIE\LOCAL_REPOZYTORY\MAVEN\org\glassfish\jersey\ext\jersey-entity-filtering\2.26\jersey-entity-filtering-2.26.jar;d:\PROGRAMOWANIE\LOCAL_REPOZYTORY\MAVEN\com\fasterxml\jackson\module\jackson-module-jaxb-annotations\2.9.6\jackson-module-jaxb-annotations-2.9.6.jar;d:\PROGRAMOWANIE\LOCAL_REPOZYTORY\MAVEN\org\springframework\boot\spring-boot-starter-mail\2.0.3.RELEASE\spring-boot-starter-mail-2.0.3.RELEASE.jar;d:\PROGRAMOWANIE\LOCAL_REPOZYTORY\MAVEN\org\springframework\spring-context\5.0.7.RELEASE\spring-context-5.0.7.RELEASE.jar;d:\PROGRAMOWANIE\LOCAL_REPOZYTORY\MAVEN\org\springframework\spring-expression\5.0.7.RELEASE\spring-expression-5.0.7.RELEASE.jar;d:\PROGRAMOWANIE\LOCAL_REPOZYTORY\MAVEN\org\springframework\spring-context-support\5.0.7.RELEASE\spring-context-support-5.0.7.RELEASE.jar;d:\PROGRAMOWANIE\LOCAL_REPOZYTORY\MAVEN\com\sun\mail\javax.mail\1.6.1\javax.mail-1.6.1.jar;d:\PROGRAMOWANIE\LOCAL_REPOZYTORY\MAVEN\javax\activation\activation\1.1\activation-1.1.jar;d:\PROGRAMOWANIE\LOCAL_REPOZYTORY\MAVEN\org\springframework\boot\spring-boot-starter-security\2.0.3.RELEASE\spring-boot-starter-security-2.0.3.RELEASE.jar;d:\PROGRAMOWANIE\LOCAL_REPOZYTORY\MAVEN\org\springframework\spring-aop\5.0.7.RELEASE\spring-aop-5.0.7.RELEASE.jar;d:\PROGRAMOWANIE\LOCAL_REPOZYTORY\MAVEN\org\springframework\security\spring-security-config\5.0.6.RELEASE\spring-security-config-5.0.6.RELEASE.jar;d:\PROGRAMOWANIE\LOCAL_REPOZYTORY\MAVEN\org\springframework\security\spring-security-web\5.0.6.RELEASE\spring-security-web-5.0.6.RELEASE.jar;d:\PROGRAMOWANIE\LOCAL_REPOZYTORY\MAVEN\org\springframework\boot\spring-boot-starter-web\2.0.3.RELEASE\spring-boot-starter-web-2.0.3.RELEASE.jar;d:\PROGRAMOWANIE\LOCAL_REPOZYTORY\MAVEN\org\hibernate\validator\hibernate-validator\6.0.10.Final\hibernate-validator-6.0.10.Final.jar;d:\PROGRAMOWANIE\LOCAL_REPOZYTORY\MAVEN\org\springframework\spring-webmvc\5.0.7.RELEASE\spring-webmvc-5.0.7.RELEASE.jar;d:\PROGRAMOWANIE\LOCAL_REPOZYTORY\MAVEN\com\vaadin\vaadin-spring-boot-starter\10.0.1\vaadin-spring-boot-starter-10.0.1.jar;d:\PROGRAMOWANIE\LOCAL_REPOZYTORY\MAVEN\com\vaadin\vaadin-spring\10.0.0\vaadin-spring-10.0.0.jar;d:\PROGRAMOWANIE\LOCAL_REPOZYTORY\MAVEN\com\vaadin\flow-server\1.0.0\flow-server-1.0.0.jar;d:\PROGRAMOWANIE\LOCAL_REPOZYTORY\MAVEN\com\google\gwt\gwt-elemental\2.8.2\gwt-elemental-2.8.2.jar;d:\PROGRAMOWANIE\LOCAL_REPOZYTORY\MAVEN\commons-fileupload\commons-fileupload\1.3.3\commons-fileupload-1.3.3.jar;d:\PROGRAMOWANIE\LOCAL_REPOZYTORY\MAVEN\commons-io\commons-io\2.5\commons-io-2.5.jar;d:\PROGRAMOWANIE\LOCAL_REPOZYTORY\MAVEN\org\jsoup\jsoup\1.10.3\jsoup-1.10.3.jar;d:\PROGRAMOWANIE\LOCAL_REPOZYTORY\MAVEN\com\helger\ph-css\6.1.1\ph-css-6.1.1.jar;d:\PROGRAMOWANIE\LOCAL_REPOZYTORY\MAVEN\com\helger\ph-commons\9.0.2\ph-commons-9.0.2.jar;d:\PROGRAMOWANIE\LOCAL_REPOZYTORY\MAVEN\com\google\code\findbugs\jsr305\3.0.2\jsr305-3.0.2.jar;d:\PROGRAMOWANIE\LOCAL_REPOZYTORY\MAVEN\com\googlecode\gentyref\gentyref\1.2.0\gentyref-1.2.0.jar;d:\PROGRAMOWANIE\LOCAL_REPOZYTORY\MAVEN\com\vaadin\flow-push\1.0.0\flow-push-1.0.0.jar;d:\PROGRAMOWANIE\LOCAL_REPOZYTORY\MAVEN\com\vaadin\external\atmosphere\atmosphere-runtime\2.4.24.vaadin1\atmosphere-runtime-2.4.24.vaadin1.jar;d:\PROGRAMOWANIE\LOCAL_REPOZYTORY\MAVEN\com\vaadin\external\slf4j\vaadin-slf4j-jdk14\1.6.1\vaadin-slf4j-jdk14-1.6.1.jar;d:\PROGRAMOWANIE\LOCAL_REPOZYTORY\MAVEN\com\vaadin\flow-client\1.0.0\flow-client-1.0.0.jar;d:\PROGRAMOWANIE\LOCAL_REPOZYTORY\MAVEN\org\springframework\spring-websocket\5.0.7.RELEASE\spring-websocket-5.0.7.RELEASE.jar;d:\PROGRAMOWANIE\LOCAL_REPOZYTORY\MAVEN\com\vaadin\vaadin-core\10.0.1\vaadin-core-10.0.1.jar;d:\PROGRAMOWANIE\LOCAL_REPOZYTORY\MAVEN\com\vaadin\flow-html-components\1.0.0\flow-html-components-1.0.0.jar;d:\PROGRAMOWANIE\LOCAL_REPOZYTORY\MAVEN\com\vaadin\flow-data\1.0.0\flow-data-1.0.0.jar;d:\PROGRAMOWANIE\LOCAL_REPOZYTORY\MAVEN\com\vaadin\vaadin-lumo-theme\1.0.0\vaadin-lumo-theme-1.0.0.jar;d:\PROGRAMOWANIE\LOCAL_REPOZYTORY\MAVEN\org\webjars\bowergithub\vaadin\vaadin-lumo-styles\1.0.0\vaadin-lumo-styles-1.0.0.jar;d:\PROGRAMOWANIE\LOCAL_REPOZYTORY\MAVEN\org\webjars\bowergithub\polymer\polymer\2.6.0\polymer-2.6.0.jar;d:\PROGRAMOWANIE\LOCAL_REPOZYTORY\MAVEN\org\webjars\bowergithub\webcomponents\shadycss\1.2.1\shadycss-1.2.1.jar;d:\PROGRAMOWANIE\LOCAL_REPOZYTORY\MAVEN\org\webjars\bowergithub\webcomponents\webcomponentsjs\1.2.0\webcomponentsjs-1.2.0.jar;d:\PROGRAMOWANIE\LOCAL_REPOZYTORY\MAVEN\org\webjars\bowergithub\polymerelements\iron-icon\2.1.0\iron-icon-2.1.0.jar;d:\PROGRAMOWANIE\LOCAL_REPOZYTORY\MAVEN\org\webjars\bowergithub\polymerelements\iron-meta\2.1.1\iron-meta-2.1.1.jar;d:\PROGRAMOWANIE\LOCAL_REPOZYTORY\MAVEN\org\webjars\bowergithub\polymerelements\iron-iconset-svg\2.2.1\iron-iconset-svg-2.2.1.jar;d:\PROGRAMOWANIE\LOCAL_REPOZYTORY\MAVEN\org\webjars\bowergithub\polymerelements\iron-flex-layout\2.0.3\iron-flex-layout-2.0.3.jar;d:\PROGRAMOWANIE\LOCAL_REPOZYTORY\MAVEN\com\vaadin\vaadin-button-flow\1.0.0\vaadin-button-flow-1.0.0.jar;d:\PROGRAMOWANIE\LOCAL_REPOZYTORY\MAVEN\org\webjars\bowergithub\vaadin\vaadin-button\2.0.1\vaadin-button-2.0.1.jar;d:\PROGRAMOWANIE\LOCAL_REPOZYTORY\MAVEN\org\webjars\bowergithub\vaadin\vaadin-control-state-mixin\2.0.3\vaadin-control-state-mixin-2.0.3.jar;d:\PROGRAMOWANIE\LOCAL_REPOZYTORY\MAVEN\org\webjars\bowergithub\vaadin\vaadin-element-mixin\1.0.2\vaadin-element-mixin-1.0.2.jar;d:\PROGRAMOWANIE\LOCAL_REPOZYTORY\MAVEN\org\webjars\bowergithub\vaadin\vaadin-usage-statistics\1.0.8\vaadin-usage-statistics-1.0.8.jar;d:\PROGRAMOWANIE\LOCAL_REPOZYTORY\MAVEN\org\webjars\bowergithub\vaadin\vaadin-development-mode-detector\1.0.3\vaadin-development-mode-detector-1.0.3.jar;d:\PROGRAMOWANIE\LOCAL_REPOZYTORY\MAVEN\org\webjars\bowergithub\vaadin\vaadin-themable-mixin\1.1.6\vaadin-themable-mixin-1.1.6.jar;d:\PROGRAMOWANIE\LOCAL_REPOZYTORY\MAVEN\com\vaadin\vaadin-checkbox-flow\1.0.0\vaadin-checkbox-flow-1.0.0.jar;d:\PROGRAMOWANIE\LOCAL_REPOZYTORY\MAVEN\org\webjars\bowergithub\vaadin\vaadin-checkbox\2.1.1\vaadin-checkbox-2.1.1.jar;d:\PROGRAMOWANIE\LOCAL_REPOZYTORY\MAVEN\com\vaadin\vaadin-combo-box-flow\1.0.0\vaadin-combo-box-flow-1.0.0.jar;d:\PROGRAMOWANIE\LOCAL_REPOZYTORY\MAVEN\org\webjars\bowergithub\vaadin\vaadin-combo-box\4.0.1\vaadin-combo-box-4.0.1.jar;d:\PROGRAMOWANIE\LOCAL_REPOZYTORY\MAVEN\org\webjars\bowergithub\polymerelements\iron-resizable-behavior\2.1.0\iron-resizable-behavior-2.1.0.jar;d:\PROGRAMOWANIE\LOCAL_REPOZYTORY\MAVEN\org\webjars\bowergithub\polymerelements\iron-a11y-announcer\2.1.0\iron-a11y-announcer-2.1.0.jar;d:\PROGRAMOWANIE\LOCAL_REPOZYTORY\MAVEN\org\webjars\bowergithub\polymerelements\iron-a11y-keys-behavior\2.1.1\iron-a11y-keys-behavior-2.1.1.jar;d:\PROGRAMOWANIE\LOCAL_REPOZYTORY\MAVEN\org\webjars\bowergithub\vaadin\vaadin-item\2.0.0\vaadin-item-2.0.0.jar;d:\PROGRAMOWANIE\LOCAL_REPOZYTORY\MAVEN\org\webjars\bowergithub\vaadin\vaadin-overlay\3.0.3\vaadin-overlay-3.0.3.jar;d:\PROGRAMOWANIE\LOCAL_REPOZYTORY\MAVEN\org\webjars\bowergithub\polymerelements\iron-overlay-behavior\2.3.4\iron-overlay-behavior-2.3.4.jar;d:\PROGRAMOWANIE\LOCAL_REPOZYTORY\MAVEN\org\webjars\bowergithub\polymerelements\iron-fit-behavior\2.2.0\iron-fit-behavior-2.2.0.jar;d:\PROGRAMOWANIE\LOCAL_REPOZYTORY\MAVEN\com\vaadin\vaadin-date-picker-flow\1.0.0\vaadin-date-picker-flow-1.0.0.jar;d:\PROGRAMOWANIE\LOCAL_REPOZYTORY\MAVEN\org\webjars\bowergithub\vaadin\vaadin-date-picker\3.0.2\vaadin-date-picker-3.0.2.jar;d:\PROGRAMOWANIE\LOCAL_REPOZYTORY\MAVEN\org\webjars\bowergithub\polymerelements\iron-media-query\2.1.0\iron-media-query-2.1.0.jar;d:\PROGRAMOWANIE\LOCAL_REPOZYTORY\MAVEN\com\vaadin\vaadin-dialog-flow\1.0.0\vaadin-dialog-flow-1.0.0.jar;d:\PROGRAMOWANIE\LOCAL_REPOZYTORY\MAVEN\org\webjars\bowergithub\vaadin\vaadin-dialog\2.0.2\vaadin-dialog-2.0.2.jar;d:\PROGRAMOWANIE\LOCAL_REPOZYTORY\MAVEN\com\vaadin\vaadin-form-layout-flow\1.0.0\vaadin-form-layout-flow-1.0.0.jar;d:\PROGRAMOWANIE\LOCAL_REPOZYTORY\MAVEN\org\webjars\bowergithub\vaadin\vaadin-form-layout\2.0.1\vaadin-form-layout-2.0.1.jar;d:\PROGRAMOWANIE\LOCAL_REPOZYTORY\MAVEN\com\vaadin\vaadin-grid-flow\1.0.0\vaadin-grid-flow-1.0.0.jar;d:\PROGRAMOWANIE\LOCAL_REPOZYTORY\MAVEN\org\webjars\bowergithub\vaadin\vaadin-grid\5.0.4\vaadin-grid-5.0.4.jar;d:\PROGRAMOWANIE\LOCAL_REPOZYTORY\MAVEN\org\webjars\bowergithub\polymerelements\iron-scroll-target-behavior\2.1.1\iron-scroll-target-behavior-2.1.1.jar;d:\PROGRAMOWANIE\LOCAL_REPOZYTORY\MAVEN\org\apache\commons\commons-lang3\3.7\commons-lang3-3.7.jar;d:\PROGRAMOWANIE\LOCAL_REPOZYTORY\MAVEN\com\vaadin\vaadin-icons-flow\1.0.0\vaadin-icons-flow-1.0.0.jar;d:\PROGRAMOWANIE\LOCAL_REPOZYTORY\MAVEN\org\webjars\bowergithub\vaadin\vaadin-icons\4.1.4\vaadin-icons-4.1.4.jar;d:\PROGRAMOWANIE\LOCAL_REPOZYTORY\MAVEN\com\vaadin\vaadin-iron-list-flow\1.0.0\vaadin-iron-list-flow-1.0.0.jar;d:\PROGRAMOWANIE\LOCAL_REPOZYTORY\MAVEN\org\webjars\bowergithub\polymerelements\iron-list\2.0.12\iron-list-2.0.12.jar;d:\PROGRAMOWANIE\LOCAL_REPOZYTORY\MAVEN\com\vaadin\vaadin-list-box-flow\1.0.0\vaadin-list-box-flow-1.0.0.jar;d:\PROGRAMOWANIE\LOCAL_REPOZYTORY\MAVEN\org\webjars\bowergithub\vaadin\vaadin-list-box\1.0.2\vaadin-list-box-1.0.2.jar;d:\PROGRAMOWANIE\LOCAL_REPOZYTORY\MAVEN\org\webjars\bowergithub\vaadin\vaadin-list-mixin\2.0.0\vaadin-list-mixin-2.0.0.jar;d:\PROGRAMOWANIE\LOCAL_REPOZYTORY\MAVEN\com\vaadin\vaadin-ordered-layout-flow\1.0.0\vaadin-ordered-layout-flow-1.0.0.jar;d:\PROGRAMOWANIE\LOCAL_REPOZYTORY\MAVEN\org\webjars\bowergithub\vaadin\vaadin-ordered-layout\1.0.2\vaadin-ordered-layout-1.0.2.jar;d:\PROGRAMOWANIE\LOCAL_REPOZYTORY\MAVEN\com\vaadin\vaadin-progress-bar-flow\1.0.0\vaadin-progress-bar-flow-1.0.0.jar;d:\PROGRAMOWANIE\LOCAL_REPOZYTORY\MAVEN\org\webjars\bowergithub\vaadin\vaadin-progress-bar\1.0.0\vaadin-progress-bar-1.0.0.jar;d:\PROGRAMOWANIE\LOCAL_REPOZYTORY\MAVEN\com\vaadin\vaadin-radio-button-flow\1.0.0\vaadin-radio-button-flow-1.0.0.jar;d:\PROGRAMOWANIE\LOCAL_REPOZYTORY\MAVEN\org\webjars\bowergithub\vaadin\vaadin-radio-button\1.0.1\vaadin-radio-button-1.0.1.jar;d:\PROGRAMOWANIE\LOCAL_REPOZYTORY\MAVEN\com\vaadin\vaadin-split-layout-flow\1.0.0\vaadin-split-layout-flow-1.0.0.jar;d:\PROGRAMOWANIE\LOCAL_REPOZYTORY\MAVEN\org\webjars\bowergithub\vaadin\vaadin-split-layout\4.0.0\vaadin-split-layout-4.0.0.jar;d:\PROGRAMOWANIE\LOCAL_REPOZYTORY\MAVEN\com\vaadin\vaadin-tabs-flow\1.0.0\vaadin-tabs-flow-1.0.0.jar;d:\PROGRAMOWANIE\LOCAL_REPOZYTORY\MAVEN\org\webjars\bowergithub\vaadin\vaadin-tabs\2.0.0\vaadin-tabs-2.0.0.jar;d:\PROGRAMOWANIE\LOCAL_REPOZYTORY\MAVEN\com\vaadin\vaadin-text-field-flow\1.0.0\vaadin-text-field-flow-1.0.0.jar;d:\PROGRAMOWANIE\LOCAL_REPOZYTORY\MAVEN\org\webjars\bowergithub\vaadin\vaadin-text-field\2.0.1\vaadin-text-field-2.0.1.jar;d:\PROGRAMOWANIE\LOCAL_REPOZYTORY\MAVEN\com\vaadin\vaadin-upload-flow\1.0.0\vaadin-upload-flow-1.0.0.jar;d:\PROGRAMOWANIE\LOCAL_REPOZYTORY\MAVEN\org\webjars\bowergithub\vaadin\vaadin-upload\4.0.0\vaadin-upload-4.0.0.jar;d:\PROGRAMOWANIE\LOCAL_REPOZYTORY\MAVEN\com\vaadin\vaadin-notification-flow\1.0.0\vaadin-notification-flow-1.0.0.jar;d:\PROGRAMOWANIE\LOCAL_REPOZYTORY\MAVEN\org\webjars\bowergithub\vaadin\vaadin-notification\1.0.0\vaadin-notification-1.0.0.jar;d:\PROGRAMOWANIE\LOCAL_REPOZYTORY\MAVEN\de\codecentric\spring-boot-admin-starter-client\2.0.1\spring-boot-admin-starter-client-2.0.1.jar;d:\PROGRAMOWANIE\LOCAL_REPOZYTORY\MAVEN\de\codecentric\spring-boot-admin-client\2.0.1\spring-boot-admin-client-2.0.1.jar;d:\PROGRAMOWANIE\LOCAL_REPOZYTORY\MAVEN\org\jolokia\jolokia-core\1.5.0\jolokia-core-1.5.0.jar;d:\PROGRAMOWANIE\LOCAL_REPOZYTORY\MAVEN\com\googlecode\json-simple\json-simple\1.1.1\json-simple-1.1.1.jar;d:\PROGRAMOWANIE\LOCAL_REPOZYTORY\MAVEN\de\codecentric\spring-boot-admin-starter-server\2.0.1\spring-boot-admin-starter-server-2.0.1.jar;d:\PROGRAMOWANIE\LOCAL_REPOZYTORY\MAVEN\de\codecentric\spring-boot-admin-server\2.0.1\spring-boot-admin-server-2.0.1.jar;d:\PROGRAMOWANIE\LOCAL_REPOZYTORY\MAVEN\org\springframework\boot\spring-boot-starter-webflux\2.0.3.RELEASE\spring-boot-starter-webflux-2.0.3.RELEASE.jar;d:\PROGRAMOWANIE\LOCAL_REPOZYTORY\MAVEN\org\springframework\boot\spring-boot-starter-reactor-netty\2.0.3.RELEASE\spring-boot-starter-reactor-netty-2.0.3.RELEASE.jar;d:\PROGRAMOWANIE\LOCAL_REPOZYTORY\MAVEN\io\projectreactor\ipc\reactor-netty\0.7.8.RELEASE\reactor-netty-0.7.8.RELEASE.jar;d:\PROGRAMOWANIE\LOCAL_REPOZYTORY\MAVEN\io\netty\netty-codec-http\4.1.25.Final\netty-codec-http-4.1.25.Final.jar;d:\PROGRAMOWANIE\LOCAL_REPOZYTORY\MAVEN\io\netty\netty-codec\4.1.25.Final\netty-codec-4.1.25.Final.jar;d:\PROGRAMOWANIE\LOCAL_REPOZYTORY\MAVEN\io\netty\netty-handler\4.1.25.Final\netty-handler-4.1.25.Final.jar;d:\PROGRAMOWANIE\LOCAL_REPOZYTORY\MAVEN\io\netty\netty-buffer\4.1.25.Final\netty-buffer-4.1.25.Final.jar;d:\PROGRAMOWANIE\LOCAL_REPOZYTORY\MAVEN\io\netty\netty-transport\4.1.25.Final\netty-transport-4.1.25.Final.jar;d:\PROGRAMOWANIE\LOCAL_REPOZYTORY\MAVEN\io\netty\netty-resolver\4.1.25.Final\netty-resolver-4.1.25.Final.jar;d:\PROGRAMOWANIE\LOCAL_REPOZYTORY\MAVEN\io\netty\netty-handler-proxy\4.1.25.Final\netty-handler-proxy-4.1.25.Final.jar;d:\PROGRAMOWANIE\LOCAL_REPOZYTORY\MAVEN\io\netty\netty-codec-socks\4.1.25.Final\netty-codec-socks-4.1.25.Final.jar;d:\PROGRAMOWANIE\LOCAL_REPOZYTORY\MAVEN\io\netty\netty-transport-native-epoll\4.1.25.Final\netty-transport-native-epoll-4.1.25.Final-linux-x86_64.jar;d:\PROGRAMOWANIE\LOCAL_REPOZYTORY\MAVEN\io\netty\netty-common\4.1.25.Final\netty-common-4.1.25.Final.jar;d:\PROGRAMOWANIE\LOCAL_REPOZYTORY\MAVEN\io\netty\netty-transport-native-unix-common\4.1.25.Final\netty-transport-native-unix-common-4.1.25.Final.jar;d:\PROGRAMOWANIE\LOCAL_REPOZYTORY\MAVEN\org\springframework\spring-webflux\5.0.7.RELEASE\spring-webflux-5.0.7.RELEASE.jar;d:\PROGRAMOWANIE\LOCAL_REPOZYTORY\MAVEN\org\synchronoss\cloud\nio-multipart-parser\1.1.0\nio-multipart-parser-1.1.0.jar;d:\PROGRAMOWANIE\LOCAL_REPOZYTORY\MAVEN\org\synchronoss\cloud\nio-stream-storage\1.1.3\nio-stream-storage-1.1.3.jar;d:\PROGRAMOWANIE\LOCAL_REPOZYTORY\MAVEN\org\springframework\boot\spring-boot-starter-thymeleaf\2.0.3.RELEASE\spring-boot-starter-thymeleaf-2.0.3.RELEASE.jar;d:\PROGRAMOWANIE\LOCAL_REPOZYTORY\MAVEN\org\thymeleaf\thymeleaf-spring5\3.0.9.RELEASE\thymeleaf-spring5-3.0.9.RELEASE.jar;d:\PROGRAMOWANIE\LOCAL_REPOZYTORY\MAVEN\org\thymeleaf\thymeleaf\3.0.9.RELEASE\thymeleaf-3.0.9.RELEASE.jar;d:\PROGRAMOWANIE\LOCAL_REPOZYTORY\MAVEN\org\attoparser\attoparser\2.0.4.RELEASE\attoparser-2.0.4.RELEASE.jar;d:\PROGRAMOWANIE\LOCAL_REPOZYTORY\MAVEN\org\unbescape\unbescape\1.1.5.RELEASE\unbescape-1.1.5.RELEASE.jar;d:\PROGRAMOWANIE\LOCAL_REPOZYTORY\MAVEN\org\thymeleaf\extras\thymeleaf-extras-java8time\3.0.1.RELEASE\thymeleaf-extras-java8time-3.0.1.RELEASE.jar;d:\PROGRAMOWANIE\LOCAL_REPOZYTORY\MAVEN\io\projectreactor\addons\reactor-extra\3.1.6.RELEASE\reactor-extra-3.1.6.RELEASE.jar;d:\PROGRAMOWANIE\LOCAL_REPOZYTORY\MAVEN\io\projectreactor\reactor-core\3.1.8.RELEASE\reactor-core-3.1.8.RELEASE.jar;d:\PROGRAMOWANIE\LOCAL_REPOZYTORY\MAVEN\org\reactivestreams\reactive-streams\1.0.2\reactive-streams-1.0.2.jar;d:\PROGRAMOWANIE\LOCAL_REPOZYTORY\MAVEN\de\codecentric\spring-boot-admin-server-ui\2.0.1\spring-boot-admin-server-ui-2.0.1.jar;d:\PROGRAMOWANIE\LOCAL_REPOZYTORY\MAVEN\de\codecentric\spring-boot-admin-server-cloud\2.0.1\spring-boot-admin-server-cloud-2.0.1.jar;d:\PROGRAMOWANIE\LOCAL_REPOZYTORY\MAVEN\org\springframework\data\spring-data-rest-hal-browser\3.0.8.RELEASE\spring-data-rest-hal-browser-3.0.8.RELEASE.jar;d:\PROGRAMOWANIE\LOCAL_REPOZYTORY\MAVEN\org\slf4j\slf4j-api\1.7.25\slf4j-api-1.7.25.jar;d:\PROGRAMOWANIE\LOCAL_REPOZYTORY\MAVEN\org\springframework\session\spring-session-core\2.0.4.RELEASE\spring-session-core-2.0.4.RELEASE.jar;d:\PROGRAMOWANIE\LOCAL_REPOZYTORY\MAVEN\org\springframework\spring-jcl\5.0.7.RELEASE\spring-jcl-5.0.7.RELEASE.jar;d:\PROGRAMOWANIE\LOCAL_REPOZYTORY\MAVEN\org\springframework\boot\spring-boot-devtools\2.0.3.RELEASE\spring-boot-devtools-2.0.3.RELEASE.jar;d:\PROGRAMOWANIE\LOCAL_REPOZYTORY\MAVEN\org\springframework\boot\spring-boot\2.0.3.RELEASE\spring-boot-2.0.3.RELEASE.jar;d:\PROGRAMOWANIE\LOCAL_REPOZYTORY\MAVEN\org\springframework\boot\spring-boot-autoconfigure\2.0.3.RELEASE\spring-boot-autoconfigure-2.0.3.RELEASE.jar;d:\PROGRAMOWANIE\LOCAL_REPOZYTORY\MAVEN\com\h2database\h2\1.4.197\h2-1.4.197.jar;d:\PROGRAMOWANIE\LOCAL_REPOZYTORY\MAVEN\com\microsoft\sqlserver\mssql-jdbc\6.2.2.jre8\mssql-jdbc-6.2.2.jre8.jar;d:\PROGRAMOWANIE\LOCAL_REPOZYTORY\MAVEN\org\postgresql\postgresql\42.2.2\postgresql-42.2.2.jar;d:\PROGRAMOWANIE\LOCAL_REPOZYTORY\MAVEN\com\oracle\ojdbc8\12.2.0.1\ojdbc8-12.2.0.1.jar;d:\PROGRAMOWANIE\LOCAL_REPOZYTORY\MAVEN\org\springframework\boot\spring-boot-starter-test\2.0.3.RELEASE\spring-boot-starter-test-2.0.3.RELEASE.jar;d:\PROGRAMOWANIE\LOCAL_REPOZYTORY\MAVEN\org\springframework\boot\spring-boot-test\2.0.3.RELEASE\spring-boot-test-2.0.3.RELEASE.jar;d:\PROGRAMOWANIE\LOCAL_REPOZYTORY\MAVEN\org\springframework\boot\spring-boot-test-autoconfigure\2.0.3.RELEASE\spring-boot-test-autoconfigure-2.0.3.RELEASE.jar;d:\PROGRAMOWANIE\LOCAL_REPOZYTORY\MAVEN\com\jayway\jsonpath\json-path\2.4.0\json-path-2.4.0.jar;d:\PROGRAMOWANIE\LOCAL_REPOZYTORY\MAVEN\net\minidev\json-smart\2.3\json-smart-2.3.jar;d:\PROGRAMOWANIE\LOCAL_REPOZYTORY\MAVEN\net\minidev\accessors-smart\1.2\accessors-smart-1.2.jar;d:\PROGRAMOWANIE\LOCAL_REPOZYTORY\MAVEN\org\ow2\asm\asm\5.0.4\asm-5.0.4.jar;d:\PROGRAMOWANIE\LOCAL_REPOZYTORY\MAVEN\junit\junit\4.12\junit-4.12.jar;d:\PROGRAMOWANIE\LOCAL_REPOZYTORY\MAVEN\org\assertj\assertj-core\3.9.1\assertj-core-3.9.1.jar;d:\PROGRAMOWANIE\LOCAL_REPOZYTORY\MAVEN\org\mockito\mockito-core\2.15.0\mockito-core-2.15.0.jar;d:\PROGRAMOWANIE\LOCAL_REPOZYTORY\MAVEN\net\bytebuddy\byte-buddy\1.7.11\byte-buddy-1.7.11.jar;d:\PROGRAMOWANIE\LOCAL_REPOZYTORY\MAVEN\net\bytebuddy\byte-buddy-agent\1.7.11\byte-buddy-agent-1.7.11.jar;d:\PROGRAMOWANIE\LOCAL_REPOZYTORY\MAVEN\org\objenesis\objenesis\2.6\objenesis-2.6.jar;d:\PROGRAMOWANIE\LOCAL_REPOZYTORY\MAVEN\org\hamcrest\hamcrest-core\1.3\hamcrest-core-1.3.jar;d:\PROGRAMOWANIE\LOCAL_REPOZYTORY\MAVEN\org\hamcrest\hamcrest-library\1.3\hamcrest-library-1.3.jar;d:\PROGRAMOWANIE\LOCAL_REPOZYTORY\MAVEN\org\skyscreamer\jsonassert\1.5.0\jsonassert-1.5.0.jar;d:\PROGRAMOWANIE\LOCAL_REPOZYTORY\MAVEN\com\vaadin\external\google\android-json\0.0.20131108.vaadin1\android-json-0.0.20131108.vaadin1.jar;d:\PROGRAMOWANIE\LOCAL_REPOZYTORY\MAVEN\org\springframework\spring-core\5.0.7.RELEASE\spring-core-5.0.7.RELEASE.jar;d:\PROGRAMOWANIE\LOCAL_REPOZYTORY\MAVEN\org\springframework\spring-test\5.0.7.RELEASE\spring-test-5.0.7.RELEASE.jar;d:\PROGRAMOWANIE\LOCAL_REPOZYTORY\MAVEN\org\xmlunit\xmlunit-core\2.5.1\xmlunit-core-2.5.1.jar;d:\PROGRAMOWANIE\LOCAL_REPOZYTORY\MAVEN\org\springframework\security\spring-security-test\5.0.6.RELEASE\spring-security-test-5.0.6.RELEASE.jar;d:\PROGRAMOWANIE\LOCAL_REPOZYTORY\MAVEN\org\springframework\security\spring-security-core\5.0.6.RELEASE\spring-security-core-5.0.6.RELEASE.jar;"/>
    <property name="sun.cpu.endian" value="little"/>
    <property name="user.home" value="C:\Users\JACZAW"/>
    <property name="user.language" value="pl"/>
    <property name="java.specification.vendor" value="Oracle Corporation"/>
    <property name="java.home" value="c:\Java\jdk1.8.0_131\jre"/>
    <property name="basedir" value="D:\PROGRAMOWANIE\------NAUKA------\PROJEKT_MISTRZOSTWA_SWIATA\WARSTWA_APLIKACJI\REPOZYTORIUM_KODU\championships-football-app"/>
    <property name="file.separator" value="\"/>
    <property name="line.separator" value="&#10;"/>
    <property name="java.vm.specification.vendor" value="Oracle Corporation"/>
    <property name="java.specification.name" value="Java Platform API Specification"/>
    <property name="java.awt.graphicsenv" value="sun.awt.Win32GraphicsEnvironment"/>
    <property name="surefire.real.class.path" value="C:\Users\JACZAW\AppData\Local\Temp\surefire1998966047380879202\surefirebooter265044455596138916.jar"/>
    <property name="sun.boot.class.path" value="c:\Java\jdk1.8.0_131\jre\lib\resources.jar;c:\Java\jdk1.8.0_131\jre\lib\rt.jar;c:\Java\jdk1.8.0_131\jre\lib\sunrsasign.jar;c:\Java\jdk1.8.0_131\jre\lib\jsse.jar;c:\Java\jdk1.8.0_131\jre\lib\jce.jar;c:\Java\jdk1.8.0_131\jre\lib\charsets.jar;c:\Java\jdk1.8.0_131\jre\lib\jfr.jar;c:\Java\jdk1.8.0_131\jre\classes"/>
    <property name="user.script" value=""/>
    <property name="sun.management.compiler" value="HotSpot 64-Bit Tiered Compilers"/>
    <property name="java.runtime.version" value="1.8.0_131-b11"/>
    <property name="user.name" value="JACZAW"/>
    <property name="path.separator" value=";"/>
    <property name="os.version" value="10.0"/>
    <property name="java.endorsed.dirs" value="c:\Java\jdk1.8.0_131\jre\lib\endorsed"/>
    <property name="java.runtime.name" value="Java(TM) SE Runtime Environment"/>
    <property name="file.encoding" value="Cp1250"/>
    <property name="java.vm.name" value="Java HotSpot(TM) 64-Bit Server VM"/>
    <property name="localRepository" value="d:\PROGRAMOWANIE\LOCAL_REPOZYTORY\MAVEN"/>
    <property name="java.vendor.url.bug" value="http://bugreport.sun.com/bugreport/"/>
    <property name="java.io.tmpdir" value="C:\Users\JACZAW\AppData\Local\Temp\"/>
    <property name="java.version" value="1.8.0_131"/>
    <property name="user.dir" value="D:\PROGRAMOWANIE\------NAUKA------\PROJEKT_MISTRZOSTWA_SWIATA\WARSTWA_APLIKACJI\REPOZYTORIUM_KODU\championships-football-app"/>
    <property name="os.arch" value="amd64"/>
    <property name="java.vm.specification.name" value="Java Virtual Machine Specification"/>
    <property name="java.awt.printerjob" value="sun.awt.windows.WPrinterJob"/>
    <property name="sun.os.patch.level" value=""/>
    <property name="java.library.path" value="c:\Java\jdk1.8.0_131\jre\bin;C:\WINDOWS\Sun\Java\bin;C:\WINDOWS\system32;C:\WINDOWS;C:\Program Files\Docker\Docker\Resources\bin;D:\PROGRAMOWANIE\Perl64\site\bin;D:\PROGRAMOWANIE\Perl64\bin;D:\Oracle\product\12.1.0\client_1\bin;D:\Oracle\product\12.1.0\client_1;D:\PROGRAMOWANIE\Python\Python27\;D:\PROGRAMOWANIE\Python\Python27\Scripts;D:\PROGRAMOWANIE\Python\Python36\Scripts\;D:\PROGRAMOWANIE\Python\Python36\;c:\Java\jdk1.8.0_131\bin\;C:\ProgramData\Oracle\Java\javapath;C:\WINDOWS\system32;C:\WINDOWS;C:\WINDOWS\System32\Wbem;C:\WINDOWS\System32\WindowsPowerShell\v1.0\;C:\Program Files\Microsoft SQL Server\130\Tools\Binn\;C:\Program Files\dotnet\;C:\Program Files\Git\cmd;D:\PROGRAMOWANIE\NodeJS\;D:\PROGRAMOWANIE\scala\bin;d:\PROGRAMOWANIE\TOOLS\apache-maven-3.5.0\bin\;D:\TOOLS\MiKTeX 2.9\miktex\bin\x64\;D:\BAZY_DANYCH\SQL\PostgreSQLBigSQL\pg96\bin;D:\BAZY_DANYCH\SQL\MySQL\MySQL Utilities 1.6\;D:\Program Files\Calibre2\;D:\PROGRAMOWANIE\cassandra-binaria\apache-cassandra-3.11.0\bin;D:\PROGRAMOWANIE\TOOLS\SBT\bin;D:\VAGRANT\bin;C:\ProgramData\chocolatey\bin;d:\PROGRAMOWANIE\TOOLS\apache-ant-1.10.1\bin\;d:\PROGRAMOWANIE\TOOLS\gradle-4.7\bin\;;C:\WINDOWS\System32\OpenSSH\;D:\PROGRAMOWANIE\Anaconda3;D:\PROGRAMOWANIE\Anaconda3\Library\mingw-w64\bin;D:\PROGRAMOWANIE\Anaconda3\Library\usr\bin;D:\PROGRAMOWANIE\Anaconda3\Library\bin;D:\PROGRAMOWANIE\Anaconda3\Scripts;C:\Users\JACZAW\AppData\Local\Microsoft\WindowsApps;D:\PROGRAMOWANIE\TOOLS\Microsoft VS Code\bin;C:\Program Files\Docker Toolbox;C:\Users\JACZAW\AppData\Roaming\npm;D:\PROGRAMOWANIE\clojure-1.8.0\bin\.lein\bin;d:\PROGRAMOWANIE\GO\bin\;d:\INSTALL\Selenium\driver\;C:\Users\JACZAW\AppData\Local\GitHubDesktop\bin;D:\TOOLS\Nmap;C:\Users\JACZAW\AppData\Local\atom\bin;%USERPROFILE%\AppData\Local\Microsoft\WindowsApps;;."/>
    <property name="java.vm.info" value="mixed mode"/>
    <property name="java.vendor" value="Oracle Corporation"/>
    <property name="java.vm.version" value="25.131-b11"/>
    <property name="java.ext.dirs" value="c:\Java\jdk1.8.0_131\jre\lib\ext;C:\WINDOWS\Sun\Java\lib\ext"/>
    <property name="sun.io.unicode.encoding" value="UnicodeLittle"/>
    <property name="java.class.version" value="52.0"/>
  </properties>
  <testcase name="contextLoads" classname="pl.kz.championshipsfootballapp.ChampionshipsFootballAppApplicationTests" time="0.185"/>
</testsuite>